#
# There is insufficient memory for the Java Runtime Environment to continue.
# Native memory allocation (malloc) failed to allocate 32744 bytes for Chunk::new
# Possible reasons:
#   The system is out of physical RAM or swap space
#   The process is running with CompressedOops enabled, and the Java Heap may be blocking the growth of the native heap
# Possible solutions:
#   Reduce memory load on the system
#   Increase physical memory or swap space
#   Check if swap backing store is full
#   Decrease Java heap size (-Xmx/-Xms)
#   Decrease number of Java threads
#   Decrease Java thread stack sizes (-Xss)
#   Set larger code cache with -XX:ReservedCodeCacheSize=
#   JVM is running with Unscaled Compressed Oops mode in which the Java heap is
#     placed in the first 4GB address space. The Java Heap base address is the
#     maximum limit for the native heap growth. Please use -XX:HeapBaseMinAddress
#     to set the Java Heap base and to place the Java Heap above 4GB virtual address.
# This output file may be truncated or incomplete.
#
#  Out of Memory Error (arena.cpp:184), pid=6672, tid=9448
#
# JRE version: Java(TM) SE Runtime Environment (18.0.2+9) (build 18.0.2+9-61)
# Java VM: Java HotSpot(TM) 64-Bit Server VM (18.0.2+9-61, mixed mode, sharing, tiered, compressed oops, compressed class ptrs, g1 gc, windows-amd64)
# No core dump will be written. Minidumps are not enabled by default on client versions of Windows
#

---------------  S U M M A R Y ------------

Command Line: com.portfolio.PortafilioAP.PortafilioApApplication

Host: Intel(R) Celeron(R) CPU  N3060  @ 1.60GHz, 2 cores, 3G,  Windows 10 , 64 bit Build 18362 (10.0.18362.1110)
Time: Tue Aug 30 22:35:45 2022 Hora estándar de Argentina elapsed time: 19.841600 seconds (0d 0h 0m 19s)

---------------  T H R E A D  ---------------

Current thread (0x000002c6278fa580):  JavaThread "restartedMain" [_thread_in_vm, id=9448, stack(0x000000fe76200000,0x000000fe76300000)]

Stack: [0x000000fe76200000,0x000000fe76300000]
Native frames: (J=compiled Java code, j=interpreted, Vv=VM code, C=native code)
V  [jvm.dll+0x6993ca]
V  [jvm.dll+0x7f481d]
V  [jvm.dll+0x7f612e]
V  [jvm.dll+0x7f67e3]
V  [jvm.dll+0x25cdaf]
V  [jvm.dll+0xb8c2f]
V  [jvm.dll+0xb8fa5]
V  [jvm.dll+0x202d8e]
V  [jvm.dll+0x20371f]
V  [jvm.dll+0x1f8bb1]
V  [jvm.dll+0x55dc05]
V  [jvm.dll+0x76eb0d]
V  [jvm.dll+0x76ea6a]
V  [jvm.dll+0x42de11]
V  [jvm.dll+0x440a23]
C  [java.dll+0x1657]

Java frames: (J=compiled Java code, j=interpreted, Vv=VM code)
J 2247  java.lang.ClassLoader.defineClass0(Ljava/lang/ClassLoader;Ljava/lang/Class;Ljava/lang/String;[BIILjava/security/ProtectionDomain;ZILjava/lang/Object;)Ljava/lang/Class; java.base@18.0.2 (0 bytes) @ 0x000002c61753f711 [0x000002c61753f620+0x00000000000000f1]
J 3091 c1 java.lang.System$2.defineClass(Ljava/lang/ClassLoader;Ljava/lang/Class;Ljava/lang/String;[BLjava/security/ProtectionDomain;ZILjava/lang/Object;)Ljava/lang/Class; java.base@18.0.2 (21 bytes) @ 0x000002c6105d5cec [0x000002c6105d5c40+0x00000000000000ac]
J 2246 c1 java.lang.invoke.MethodHandles$Lookup$ClassDefiner.defineClass(ZLjava/lang/Object;)Ljava/lang/Class; java.base@18.0.2 (97 bytes) @ 0x000002c61038935c [0x000002c610389160+0x00000000000001fc]
J 3421 c1 java.lang.invoke.MethodHandles$Lookup$ClassDefiner.defineClassAsLookup(Z)Ljava/lang/invoke/MethodHandles$Lookup; java.base@18.0.2 (19 bytes) @ 0x000002c6106d613c [0x000002c6106d60c0+0x000000000000007c]
J 2941 c1 java.lang.invoke.MethodHandles$Lookup.defineHiddenClass([BZ[Ljava/lang/invoke/MethodHandles$Lookup$ClassOption;)Ljava/lang/invoke/MethodHandles$Lookup; java.base@18.0.2 (69 bytes) @ 0x000002c61055845c [0x000002c610557b80+0x00000000000008dc]
J 2088 c1 java.lang.invoke.InnerClassLambdaMetafactory.generateInnerClass()Ljava/lang/Class; java.base@18.0.2 (619 bytes) @ 0x000002c610345adc [0x000002c610343aa0+0x000000000000203c]
J 2901 c1 java.lang.invoke.InnerClassLambdaMetafactory.spinInnerClass()Ljava/lang/Class; java.base@18.0.2 (111 bytes) @ 0x000002c610530af4 [0x000002c610530960+0x0000000000000194]
J 2908 c1 java.lang.invoke.InnerClassLambdaMetafactory.buildCallSite()Ljava/lang/invoke/CallSite; java.base@18.0.2 (150 bytes) @ 0x000002c61053e004 [0x000002c61053df80+0x0000000000000084]
J 1914 c1 java.lang.invoke.LambdaMetafactory.metafactory(Ljava/lang/invoke/MethodHandles$Lookup;Ljava/lang/String;Ljava/lang/invoke/MethodType;Ljava/lang/invoke/MethodType;Ljava/lang/invoke/MethodHandle;Ljava/lang/invoke/MethodType;)Ljava/lang/invoke/CallSite; java.base@18.0.2 (71 bytes) @ 0x000002c6102ef0dc [0x000002c6102eec20+0x00000000000004bc]
J 2906 c1 java.lang.invoke.LambdaForm$DMH+0x0000000800cba800.invokeStatic(Ljava/lang/Object;Ljava/lang/Object;Ljava/lang/Object;Ljava/lang/Object;Ljava/lang/Object;Ljava/lang/Object;Ljava/lang/Object;)Ljava/lang/Object; java.base@18.0.2 (31 bytes) @ 0x000002c610532a8c [0x000002c610532760+0x000000000000032c]
J 1848 c1 java.lang.invoke.BootstrapMethodInvoker.invoke(Ljava/lang/Class;Ljava/lang/invoke/MethodHandle;Ljava/lang/String;Ljava/lang/Object;Ljava/lang/Object;Ljava/lang/Class;)Ljava/lang/Object; java.base@18.0.2 (974 bytes) @ 0x000002c6102bd76c [0x000002c6102b7020+0x000000000000674c]
J 1847 c1 java.lang.invoke.CallSite.makeSite(Ljava/lang/invoke/MethodHandle;Ljava/lang/String;Ljava/lang/invoke/MethodType;Ljava/lang/Object;Ljava/lang/Class;)Ljava/lang/invoke/CallSite; java.base@18.0.2 (91 bytes) @ 0x000002c6102b4c44 [0x000002c6102b4bc0+0x0000000000000084]
J 2641 c1 java.lang.invoke.MethodHandleNatives.linkCallSiteImpl(Ljava/lang/Class;Ljava/lang/invoke/MethodHandle;Ljava/lang/String;Ljava/lang/invoke/MethodType;Ljava/lang/Object;[Ljava/lang/Object;)Ljava/lang/invoke/MemberName; java.base@18.0.2 (44 bytes) @ 0x000002c61049e9ac [0x000002c61049e940+0x000000000000006c]
J 1846 c1 java.lang.invoke.MethodHandleNatives.linkCallSite(Ljava/lang/Object;Ljava/lang/Object;Ljava/lang/Object;Ljava/lang/Object;Ljava/lang/Object;[Ljava/lang/Object;)Ljava/lang/invoke/MemberName; java.base@18.0.2 (65 bytes) @ 0x000002c6102b461c [0x000002c6102b41e0+0x000000000000043c]
v  ~StubRoutines::call_stub
j  com.mysql.cj.conf.ConnectionUrl.collectProperties(Lcom/mysql/cj/conf/ConnectionUrlParser;Ljava/util/Properties;)V+15
j  com.mysql.cj.conf.ConnectionUrl.<init>(Lcom/mysql/cj/conf/ConnectionUrlParser;Ljava/util/Properties;)V+57
j  com.mysql.cj.conf.url.SingleConnectionUrl.<init>(Lcom/mysql/cj/conf/ConnectionUrlParser;Ljava/util/Properties;)V+3
J 1361 c1 java.lang.invoke.DirectMethodHandle$Holder.newInvokeSpecial(Ljava/lang/Object;Ljava/lang/Object;Ljava/lang/Object;)Ljava/lang/Object; java.base@18.0.2 (24 bytes) @ 0x000002c6101ca05c [0x000002c6101c9a00+0x000000000000065c]
j  java.lang.invoke.LambdaForm$MH+0x0000000800c38000.invoke(Ljava/lang/Object;Ljava/lang/Object;Ljava/lang/Object;)Ljava/lang/Object;+52 java.base@18.0.2
J 1751 c1 jdk.internal.reflect.DirectConstructorHandleAccessor.newInstance([Ljava/lang/Object;)Ljava/lang/Object; java.base@18.0.2 (148 bytes) @ 0x000002c610284ecc [0x000002c610283e60+0x000000000000106c]
J 1750 c1 java.lang.reflect.Constructor.newInstanceWithCaller([Ljava/lang/Object;ZLjava/lang/Class;)Ljava/lang/Object; java.base@18.0.2 (51 bytes) @ 0x000002c6102836c4 [0x000002c6102834e0+0x00000000000001e4]
J 1959 c1 java.lang.reflect.Constructor.newInstance([Ljava/lang/Object;)Ljava/lang/Object; java.base@18.0.2 (34 bytes) @ 0x000002c61030882c [0x000002c6103086c0+0x000000000000016c]
j  com.mysql.cj.util.Util.handleNewInstance(Ljava/lang/reflect/Constructor;[Ljava/lang/Object;Lcom/mysql/cj/exceptions/ExceptionInterceptor;)Ljava/lang/Object;+2
j  com.mysql.cj.util.Util.getInstance(Ljava/lang/String;[Ljava/lang/Class;[Ljava/lang/Object;Lcom/mysql/cj/exceptions/ExceptionInterceptor;Ljava/lang/String;)Ljava/lang/Object;+10
j  com.mysql.cj.util.Util.getInstance(Ljava/lang/String;[Ljava/lang/Class;[Ljava/lang/Object;Lcom/mysql/cj/exceptions/ExceptionInterceptor;)Ljava/lang/Object;+6
j  com.mysql.cj.conf.ConnectionUrl$Type.getImplementingInstance(Lcom/mysql/cj/conf/ConnectionUrlParser;Ljava/util/Properties;)Lcom/mysql/cj/conf/ConnectionUrl;+31
j  com.mysql.cj.conf.ConnectionUrl$Type.getConnectionUrlInstance(Lcom/mysql/cj/conf/ConnectionUrlParser;Ljava/util/Properties;)Lcom/mysql/cj/conf/ConnectionUrl;+167
j  com.mysql.cj.conf.ConnectionUrl.getConnectionUrlInstance(Ljava/lang/String;Ljava/util/Properties;)Lcom/mysql/cj/conf/ConnectionUrl;+102
j  com.mysql.cj.jdbc.NonRegisteringDriver.connect(Ljava/lang/String;Ljava/util/Properties;)Ljava/sql/Connection;+11
j  com.zaxxer.hikari.util.DriverDataSource.getConnection(Ljava/lang/String;Ljava/lang/String;)Ljava/sql/Connection;+61
j  com.zaxxer.hikari.pool.PoolBase.newConnection()Ljava/sql/Connection;+49
j  com.zaxxer.hikari.pool.PoolBase.newPoolEntry()Lcom/zaxxer/hikari/pool/PoolEntry;+5
j  com.zaxxer.hikari.pool.HikariPool.createPoolEntry()Lcom/zaxxer/hikari/pool/PoolEntry;+1
j  com.zaxxer.hikari.pool.HikariPool.checkFailFast()V+20
j  com.zaxxer.hikari.pool.HikariPool.<init>(Lcom/zaxxer/hikari/HikariConfig;)V+128
j  com.zaxxer.hikari.HikariDataSource.getConnection()Ljava/sql/Connection;+100
j  org.hibernate.engine.jdbc.connections.internal.DatasourceConnectionProviderImpl.getConnection()Ljava/sql/Connection;+48
j  org.hibernate.engine.jdbc.env.internal.JdbcEnvironmentInitiator$ConnectionProviderJdbcConnectionAccess.obtainConnection()Ljava/sql/Connection;+4
j  org.hibernate.engine.jdbc.env.internal.JdbcEnvironmentInitiator.initiateService(Ljava/util/Map;Lorg/hibernate/service/spi/ServiceRegistryImplementor;)Lorg/hibernate/engine/jdbc/env/spi/JdbcEnvironment;+36
j  org.hibernate.engine.jdbc.env.internal.JdbcEnvironmentInitiator.initiateService(Ljava/util/Map;Lorg/hibernate/service/spi/ServiceRegistryImplementor;)Lorg/hibernate/service/Service;+3
j  org.hibernate.boot.registry.internal.StandardServiceRegistryImpl.initiateService(Lorg/hibernate/service/spi/ServiceInitiator;)Lorg/hibernate/service/Service;+9
j  org.hibernate.service.internal.AbstractServiceRegistryImpl.createService(Lorg/hibernate/service/spi/ServiceBinding;)Lorg/hibernate/service/Service;+26
j  org.hibernate.service.internal.AbstractServiceRegistryImpl.initializeService(Lorg/hibernate/service/spi/ServiceBinding;)Lorg/hibernate/service/Service;+30
j  org.hibernate.service.internal.AbstractServiceRegistryImpl.getService(Ljava/lang/Class;)Lorg/hibernate/service/Service;+88
j  org.hibernate.id.factory.internal.DefaultIdentifierGeneratorFactory.injectServices(Lorg/hibernate/service/spi/ServiceRegistryImplementor;)V+9
j  org.hibernate.service.internal.AbstractServiceRegistryImpl.injectDependencies(Lorg/hibernate/service/spi/ServiceBinding;)V+24
j  org.hibernate.service.internal.AbstractServiceRegistryImpl.initializeService(Lorg/hibernate/service/spi/ServiceBinding;)Lorg/hibernate/service/Service;+45
j  org.hibernate.service.internal.AbstractServiceRegistryImpl.getService(Ljava/lang/Class;)Lorg/hibernate/service/Service;+88
j  org.hibernate.boot.internal.InFlightMetadataCollectorImpl.<init>(Lorg/hibernate/boot/spi/BootstrapContext;Lorg/hibernate/boot/spi/MetadataBuildingOptions;)V+277
j  org.hibernate.boot.model.process.spi.MetadataBuildingProcess.complete(Lorg/hibernate/boot/model/process/spi/ManagedResources;Lorg/hibernate/boot/spi/BootstrapContext;Lorg/hibernate/boot/spi/MetadataBuildingOptions;)Lorg/hibernate/boot/spi/MetadataImplementor;+6
j  org.hibernate.jpa.boot.internal.EntityManagerFactoryBuilderImpl.metadata()Lorg/hibernate/boot/spi/MetadataImplementor;+30
j  org.hibernate.jpa.boot.internal.EntityManagerFactoryBuilderImpl.build()Ljavax/persistence/EntityManagerFactory;+3
j  org.springframework.orm.jpa.vendor.SpringHibernateJpaPersistenceProvider.createContainerEntityManagerFactory(Ljavax/persistence/spi/PersistenceUnitInfo;Ljava/util/Map;)Ljavax/persistence/EntityManagerFactory;+55
j  org.springframework.orm.jpa.LocalContainerEntityManagerFactoryBean.createNativeEntityManagerFactory()Ljavax/persistence/EntityManagerFactory;+129
j  org.springframework.orm.jpa.AbstractEntityManagerFactoryBean.buildNativeEntityManagerFactory()Ljavax/persistence/EntityManagerFactory;+1
j  org.springframework.orm.jpa.AbstractEntityManagerFactoryBean.afterPropertiesSet()V+192
j  org.springframework.orm.jpa.LocalContainerEntityManagerFactoryBean.afterPropertiesSet()V+77
j  org.springframework.beans.factory.support.AbstractAutowireCapableBeanFactory.invokeInitMethods(Ljava/lang/String;Ljava/lang/Object;Lorg/springframework/beans/factory/support/RootBeanDefinition;)V+106
j  org.springframework.beans.factory.support.AbstractAutowireCapableBeanFactory.initializeBean(Ljava/lang/String;Ljava/lang/Object;Lorg/springframework/beans/factory/support/RootBeanDefinition;)Ljava/lang/Object;+59
j  org.springframework.beans.factory.support.AbstractAutowireCapableBeanFactory.doCreateBean(Ljava/lang/String;Lorg/springframework/beans/factory/support/RootBeanDefinition;[Ljava/lang/Object;)Ljava/lang/Object;+245
j  org.springframework.beans.factory.support.AbstractAutowireCapableBeanFactory.createBean(Ljava/lang/String;Lorg/springframework/beans/factory/support/RootBeanDefinition;[Ljava/lang/Object;)Ljava/lang/Object;+169
j  org.springframework.beans.factory.support.AbstractBeanFactory.lambda$doGetBean$0(Ljava/lang/String;Lorg/springframework/beans/factory/support/RootBeanDefinition;[Ljava/lang/Object;)Ljava/lang/Object;+4
j  org.springframework.beans.factory.support.AbstractBeanFactory$$Lambda$241+0x0000000800da16b8.getObject()Ljava/lang/Object;+16
j  org.springframework.beans.factory.support.DefaultSingletonBeanRegistry.getSingleton(Ljava/lang/String;Lorg/springframework/beans/factory/ObjectFactory;)Ljava/lang/Object;+132
J 2989 c1 org.springframework.beans.factory.support.AbstractBeanFactory.doGetBean(Ljava/lang/String;Ljava/lang/Class;[Ljava/lang/Object;Z)Ljava/lang/Object; (832 bytes) @ 0x000002c6105896b4 [0x000002c610587920+0x0000000000001d94]
j  org.springframework.beans.factory.support.AbstractBeanFactory.getBean(Ljava/lang/String;)Ljava/lang/Object;+5
j  org.springframework.context.support.AbstractApplicationContext.getBean(Ljava/lang/String;)Ljava/lang/Object;+9
j  org.springframework.context.support.AbstractApplicationContext.finishBeanFactoryInitialization(Lorg/springframework/beans/factory/config/ConfigurableListableBeanFactory;)V+100
j  org.springframework.context.support.AbstractApplicationContext.refresh()V+86
j  org.springframework.boot.web.servlet.context.ServletWebServerApplicationContext.refresh()V+1
j  org.springframework.boot.SpringApplication.refresh(Lorg/springframework/context/ConfigurableApplicationContext;)V+1
j  org.springframework.boot.SpringApplication.refreshContext(Lorg/springframework/context/ConfigurableApplicationContext;)V+16
j  org.springframework.boot.SpringApplication.run([Ljava/lang/String;)Lorg/springframework/context/ConfigurableApplicationContext;+107
j  org.springframework.boot.SpringApplication.run([Ljava/lang/Class;[Ljava/lang/String;)Lorg/springframework/context/ConfigurableApplicationContext;+9
j  org.springframework.boot.SpringApplication.run(Ljava/lang/Class;[Ljava/lang/String;)Lorg/springframework/context/ConfigurableApplicationContext;+9
j  com.portfolio.PortafilioAP.PortafilioApApplication.main([Ljava/lang/String;)V+3
j  java.lang.invoke.LambdaForm$DMH+0x0000000800c84800.invokeStatic(Ljava/lang/Object;Ljava/lang/Object;)V+10 java.base@18.0.2
j  java.lang.invoke.LambdaForm$MH+0x0000000800c85800.invoke(Ljava/lang/Object;Ljava/lang/Object;Ljava/lang/Object;)Ljava/lang/Object;+33 java.base@18.0.2
j  java.lang.invoke.Invokers$Holder.invokeExact_MT(Ljava/lang/Object;Ljava/lang/Object;Ljava/lang/Object;Ljava/lang/Object;)Ljava/lang/Object;+20 java.base@18.0.2
j  jdk.internal.reflect.DirectMethodHandleAccessor.invokeImpl(Ljava/lang/Object;[Ljava/lang/Object;)Ljava/lang/Object;+55 java.base@18.0.2
j  jdk.internal.reflect.DirectMethodHandleAccessor.invoke(Ljava/lang/Object;[Ljava/lang/Object;)Ljava/lang/Object;+23 java.base@18.0.2
j  java.lang.reflect.Method.invoke(Ljava/lang/Object;[Ljava/lang/Object;)Ljava/lang/Object;+102 java.base@18.0.2
j  org.springframework.boot.devtools.restart.RestartLauncher.run()V+42
v  ~StubRoutines::call_stub

---------------  P R O C E S S  ---------------

Threads class SMR info:
_java_thread_list=0x000002c627a13850, length=18, elements={
0x000002c605f0e010, 0x000002c608137fb0, 0x000002c608138c10, 0x000002c622e74140,
0x000002c622e74ae0, 0x000002c622e75c20, 0x000002c622e76700, 0x000002c622e77b70,
0x000002c622e7f3a0, 0x000002c622ee3950, 0x000002c62717fdf0, 0x000002c62718acf0,
0x000002c6278fa0c0, 0x000002c6278fa580, 0x000002c628731710, 0x000002c62872ff00,
0x000002c628732f20, 0x000002c6287303d0
}

Java Threads: ( => current thread )
  0x000002c605f0e010 JavaThread "main" [_thread_blocked, id=9740, stack(0x000000fe74d00000,0x000000fe74e00000)]
  0x000002c608137fb0 JavaThread "Reference Handler" daemon [_thread_blocked, id=9992, stack(0x000000fe75400000,0x000000fe75500000)]
  0x000002c608138c10 JavaThread "Finalizer" daemon [_thread_blocked, id=9940, stack(0x000000fe75500000,0x000000fe75600000)]
  0x000002c622e74140 JavaThread "Signal Dispatcher" daemon [_thread_blocked, id=1720, stack(0x000000fe75600000,0x000000fe75700000)]
  0x000002c622e74ae0 JavaThread "Attach Listener" daemon [_thread_blocked, id=2628, stack(0x000000fe75700000,0x000000fe75800000)]
  0x000002c622e75c20 JavaThread "Service Thread" daemon [_thread_blocked, id=9948, stack(0x000000fe75800000,0x000000fe75900000)]
  0x000002c622e76700 JavaThread "Monitor Deflation Thread" daemon [_thread_blocked, id=3636, stack(0x000000fe75900000,0x000000fe75a00000)]
  0x000002c622e77b70 JavaThread "C2 CompilerThread0" daemon [_thread_in_native, id=2152, stack(0x000000fe75a00000,0x000000fe75b00000)]
  0x000002c622e7f3a0 JavaThread "C1 CompilerThread0" daemon [_thread_blocked, id=10760, stack(0x000000fe75b00000,0x000000fe75c00000)]
  0x000002c622ee3950 JavaThread "Sweeper thread" daemon [_thread_blocked, id=7068, stack(0x000000fe75c00000,0x000000fe75d00000)]
  0x000002c62717fdf0 JavaThread "Notification Thread" daemon [_thread_blocked, id=9040, stack(0x000000fe75d00000,0x000000fe75e00000)]
  0x000002c62718acf0 JavaThread "Common-Cleaner" daemon [_thread_blocked, id=1768, stack(0x000000fe75f00000,0x000000fe76000000)]
  0x000002c6278fa0c0 JavaThread "Thread-0" [_thread_blocked, id=8712, stack(0x000000fe76100000,0x000000fe76200000)]
=>0x000002c6278fa580 JavaThread "restartedMain" [_thread_in_vm, id=9448, stack(0x000000fe76200000,0x000000fe76300000)]
  0x000002c628731710 JavaThread "Catalina-utility-1" [_thread_blocked, id=1248, stack(0x000000fe76400000,0x000000fe76500000)]
  0x000002c62872ff00 JavaThread "Catalina-utility-2" [_thread_blocked, id=932, stack(0x000000fe76500000,0x000000fe76600000)]
  0x000002c628732f20 JavaThread "container-0" [_thread_blocked, id=9248, stack(0x000000fe76600000,0x000000fe76700000)]
  0x000002c6287303d0 JavaThread "mysql-cj-abandoned-connection-cleanup" daemon [_thread_blocked, id=3380, stack(0x000000fe76700000,0x000000fe76800000)]

Other Threads:
  0x000002c608132ff0 VMThread "VM Thread" [stack: 0x000000fe75300000,0x000000fe75400000] [id=1480]
  0x000002c6271866e0 WatcherThread "VM Periodic Task Thread" [stack: 0x000000fe75e00000,0x000000fe75f00000] [id=6484]
  0x000002c6080e5040 WorkerThread "GC Thread#0" [stack: 0x000000fe74e00000,0x000000fe74f00000] [id=204]
  0x000002c62754ed10 WorkerThread "GC Thread#1" [stack: 0x000000fe76000000,0x000000fe76100000] [id=2840]
  0x000002c6080edcb0 ConcurrentGCThread "G1 Main Marker" [stack: 0x000000fe74f00000,0x000000fe75000000] [id=11032]
  0x000002c6080eeeb0 WorkerThread "G1 Conc#0" [stack: 0x000000fe75000000,0x000000fe75100000] [id=2436]
  0x000002c6081110d0 ConcurrentGCThread "G1 Refine#0" [stack: 0x000000fe75100000,0x000000fe75200000] [id=10752]
  0x000002c628588d80 ConcurrentGCThread "G1 Refine#1" [stack: 0x000000fe76300000,0x000000fe76400000] [id=8560]
  0x000002c6081119e0 ConcurrentGCThread "G1 Service" [stack: 0x000000fe75200000,0x000000fe75300000] [id=9808]

Threads with active compile tasks:
C2 CompilerThread0    19991 3890       4       java.net.URLStreamHandler::parseURL (1124 bytes)

VM state: not at safepoint (normal execution)

VM Mutex/Monitor currently owned by a thread: None

Heap address: 0x00000000c1600000, size: 1002 MB, Compressed Oops mode: 32-bit

CDS archive(s) mapped at: [0x0000000800000000-0x0000000800ba0000-0x0000000800ba0000), size 12189696, SharedBaseAddress: 0x0000000800000000, ArchiveRelocationMode: 0.
Compressed class space mapped at: 0x0000000800c00000-0x0000000840c00000, reserved size: 1073741824
Narrow klass base: 0x0000000800000000, Narrow klass shift: 0, Narrow klass range: 0x100000000

GC Precious Log:
 CardTable entry size: 512
 Card Set container configuration: InlinePtr #cards 5 size 8 Array Of Cards #cards 12 size 40 Howl #buckets 4 coarsen threshold 1843 Howl Bitmap #cards 512 size 80 coarsen threshold 460 Card regions per heap region 1 cards per card region 2048
 CPUs: 2 total, 2 available
 Memory: 4000M
 Large Page Support: Disabled
 NUMA Support: Disabled
 Compressed Oops: Enabled (32-bit)
 Heap Region Size: 1M
 Heap Min Capacity: 8M
 Heap Initial Capacity: 64M
 Heap Max Capacity: 1002M
 Pre-touch: Disabled
 Parallel Workers: 2
 Concurrent Workers: 1
 Concurrent Refinement Workers: 2
 Periodic GC: Disabled

Heap:
 garbage-first heap   total 48128K, used 22526K [0x00000000c1600000, 0x0000000100000000)
  region size 1024K, 8 young (8192K), 2 survivors (2048K)
 Metaspace       used 35349K, committed 35776K, reserved 1114112K
  class space    used 4651K, committed 4864K, reserved 1048576K

Heap Regions: E=young(eden), S=young(survivor), O=old, HS=humongous(starts), HC=humongous(continues), CS=collection set, F=free, OA=open archive, CA=closed archive, TAMS=top-at-mark-start (previous, next)
|   0|0x00000000c1600000, 0x00000000c1700000, 0x00000000c1700000|100%|HS|  |TAMS 0x00000000c1700000, 0x00000000c1600000| Complete 
|   1|0x00000000c1700000, 0x00000000c1800000, 0x00000000c1800000|100%| O|  |TAMS 0x00000000c1800000, 0x00000000c1700000| Untracked 
|   2|0x00000000c1800000, 0x00000000c1900000, 0x00000000c1900000|100%| O|  |TAMS 0x00000000c1900000, 0x00000000c1800000| Untracked 
|   3|0x00000000c1900000, 0x00000000c1a00000, 0x00000000c1a00000|100%| O|  |TAMS 0x00000000c1a00000, 0x00000000c1900000| Untracked 
|   4|0x00000000c1a00000, 0x00000000c1b00000, 0x00000000c1b00000|100%| O|  |TAMS 0x00000000c1b00000, 0x00000000c1a00000| Untracked 
|   5|0x00000000c1b00000, 0x00000000c1c00000, 0x00000000c1c00000|100%| O|  |TAMS 0x00000000c1b94400, 0x00000000c1b00000| Untracked 
|   6|0x00000000c1c00000, 0x00000000c1d00000, 0x00000000c1d00000|100%| O|  |TAMS 0x00000000c1c00000, 0x00000000c1c00000| Untracked 
|   7|0x00000000c1d00000, 0x00000000c1e00000, 0x00000000c1e00000|100%| O|  |TAMS 0x00000000c1d00000, 0x00000000c1d00000| Untracked 
|   8|0x00000000c1e00000, 0x00000000c1f00000, 0x00000000c1f00000|100%| O|  |TAMS 0x00000000c1e00000, 0x00000000c1e00000| Untracked 
|   9|0x00000000c1f00000, 0x00000000c2000000, 0x00000000c2000000|100%| O|  |TAMS 0x00000000c1f00000, 0x00000000c1f00000| Untracked 
|  10|0x00000000c2000000, 0x00000000c2100000, 0x00000000c2100000|100%| O|  |TAMS 0x00000000c2000000, 0x00000000c2000000| Untracked 
|  11|0x00000000c2100000, 0x00000000c2200000, 0x00000000c2200000|100%| O|  |TAMS 0x00000000c2100000, 0x00000000c2100000| Untracked 
|  12|0x00000000c2200000, 0x00000000c2300000, 0x00000000c2300000|100%| O|  |TAMS 0x00000000c2200000, 0x00000000c2200000| Untracked 
|  13|0x00000000c2300000, 0x00000000c2400000, 0x00000000c2400000|100%| O|  |TAMS 0x00000000c2300000, 0x00000000c2300000| Untracked 
|  14|0x00000000c2400000, 0x00000000c2500000, 0x00000000c2500000|100%| O|  |TAMS 0x00000000c2400000, 0x00000000c2400000| Untracked 
|  15|0x00000000c2500000, 0x00000000c25cdc00, 0x00000000c2600000| 80%| O|  |TAMS 0x00000000c2500000, 0x00000000c2500000| Untracked 
|  16|0x00000000c2600000, 0x00000000c2600000, 0x00000000c2700000|  0%| F|  |TAMS 0x00000000c2600000, 0x00000000c2600000| Untracked 
|  17|0x00000000c2700000, 0x00000000c2700000, 0x00000000c2800000|  0%| F|  |TAMS 0x00000000c2700000, 0x00000000c2700000| Untracked 
|  18|0x00000000c2800000, 0x00000000c2800000, 0x00000000c2900000|  0%| F|  |TAMS 0x00000000c2800000, 0x00000000c2800000| Untracked 
|  19|0x00000000c2900000, 0x00000000c2900000, 0x00000000c2a00000|  0%| F|  |TAMS 0x00000000c2900000, 0x00000000c2900000| Untracked 
|  20|0x00000000c2a00000, 0x00000000c2a00000, 0x00000000c2b00000|  0%| F|  |TAMS 0x00000000c2a00000, 0x00000000c2a00000| Untracked 
|  21|0x00000000c2b00000, 0x00000000c2b00000, 0x00000000c2c00000|  0%| F|  |TAMS 0x00000000c2b00000, 0x00000000c2b00000| Untracked 
|  22|0x00000000c2c00000, 0x00000000c2c00000, 0x00000000c2d00000|  0%| F|  |TAMS 0x00000000c2c00000, 0x00000000c2c00000| Untracked 
|  23|0x00000000c2d00000, 0x00000000c2d00000, 0x00000000c2e00000|  0%| F|  |TAMS 0x00000000c2d00000, 0x00000000c2d00000| Untracked 
|  24|0x00000000c2e00000, 0x00000000c2e00000, 0x00000000c2f00000|  0%| F|  |TAMS 0x00000000c2e00000, 0x00000000c2e00000| Untracked 
|  25|0x00000000c2f00000, 0x00000000c2f00000, 0x00000000c3000000|  0%| F|  |TAMS 0x00000000c2f00000, 0x00000000c2f00000| Untracked 
|  26|0x00000000c3000000, 0x00000000c3000000, 0x00000000c3100000|  0%| F|  |TAMS 0x00000000c3000000, 0x00000000c3000000| Untracked 
|  27|0x00000000c3100000, 0x00000000c3131ff8, 0x00000000c3200000| 19%| S|CS|TAMS 0x00000000c3100000, 0x00000000c3100000| Complete 
|  28|0x00000000c3200000, 0x00000000c3300000, 0x00000000c3300000|100%| S|CS|TAMS 0x00000000c3200000, 0x00000000c3200000| Complete 
|  29|0x00000000c3300000, 0x00000000c3300000, 0x00000000c3400000|  0%| F|  |TAMS 0x00000000c3300000, 0x00000000c3300000| Untracked 
|  30|0x00000000c3400000, 0x00000000c3400000, 0x00000000c3500000|  0%| F|  |TAMS 0x00000000c3400000, 0x00000000c3400000| Untracked 
|  31|0x00000000c3500000, 0x00000000c3500000, 0x00000000c3600000|  0%| F|  |TAMS 0x00000000c3500000, 0x00000000c3500000| Untracked 
|  32|0x00000000c3600000, 0x00000000c3600000, 0x00000000c3700000|  0%| F|  |TAMS 0x00000000c3600000, 0x00000000c3600000| Untracked 
|  33|0x00000000c3700000, 0x00000000c3700000, 0x00000000c3800000|  0%| F|  |TAMS 0x00000000c3700000, 0x00000000c3700000| Untracked 
|  34|0x00000000c3800000, 0x00000000c3800000, 0x00000000c3900000|  0%| F|  |TAMS 0x00000000c3800000, 0x00000000c3800000| Untracked 
|  35|0x00000000c3900000, 0x00000000c3900000, 0x00000000c3a00000|  0%| F|  |TAMS 0x00000000c3900000, 0x00000000c3900000| Untracked 
|  36|0x00000000c3a00000, 0x00000000c3a00000, 0x00000000c3b00000|  0%| F|  |TAMS 0x00000000c3a00000, 0x00000000c3a00000| Untracked 
|  37|0x00000000c3b00000, 0x00000000c3b00000, 0x00000000c3c00000|  0%| F|  |TAMS 0x00000000c3b00000, 0x00000000c3b00000| Untracked 
|  38|0x00000000c3c00000, 0x00000000c3c00000, 0x00000000c3d00000|  0%| F|  |TAMS 0x00000000c3c00000, 0x00000000c3c00000| Untracked 
|  39|0x00000000c3d00000, 0x00000000c3d00000, 0x00000000c3e00000|  0%| F|  |TAMS 0x00000000c3d00000, 0x00000000c3d00000| Untracked 
|  40|0x00000000c3e00000, 0x00000000c3e00000, 0x00000000c3f00000|  0%| F|  |TAMS 0x00000000c3e00000, 0x00000000c3e00000| Untracked 
|  41|0x00000000c3f00000, 0x00000000c3f56798, 0x00000000c4000000| 33%| E|  |TAMS 0x00000000c3f00000, 0x00000000c3f00000| Complete 
|  42|0x00000000c4000000, 0x00000000c4100000, 0x00000000c4100000|100%| E|CS|TAMS 0x00000000c4000000, 0x00000000c4000000| Complete 
|  43|0x00000000c4100000, 0x00000000c4200000, 0x00000000c4200000|100%| E|CS|TAMS 0x00000000c4100000, 0x00000000c4100000| Complete 
|  44|0x00000000c4200000, 0x00000000c4300000, 0x00000000c4300000|100%| E|CS|TAMS 0x00000000c4200000, 0x00000000c4200000| Complete 
|  45|0x00000000c4300000, 0x00000000c4400000, 0x00000000c4400000|100%| E|CS|TAMS 0x00000000c4300000, 0x00000000c4300000| Complete 
|  63|0x00000000c5500000, 0x00000000c5600000, 0x00000000c5600000|100%| E|CS|TAMS 0x00000000c5500000, 0x00000000c5500000| Complete 

Card table byte_map: [0x000002c607e50000,0x000002c608050000] _byte_map_base: 0x000002c607845000

Marking Bits (Prev, Next): (CMBitMap*) 0x000002c6080e5680, (CMBitMap*) 0x000002c6080e5640
 Prev Bits: [0x000002c61fb70000, 0x000002c620b18000)
 Next Bits: [0x000002c61ebc0000, 0x000002c61fb68000)

Polling page: 0x000002c605ff0000

Metaspace:

Usage:
  Non-class:     29.98 MB used.
      Class:      4.54 MB used.
       Both:     34.52 MB used.

Virtual space:
  Non-class space:       64.00 MB reserved,      30.19 MB ( 47%) committed,  1 nodes.
      Class space:        1.00 GB reserved,       4.75 MB ( <1%) committed,  1 nodes.
             Both:        1.06 GB reserved,      34.94 MB (  3%) committed. 

Chunk freelists:
   Non-Class:  1.61 MB
       Class:  3.11 MB
        Both:  4.72 MB

MaxMetaspaceSize: unlimited
CompressedClassSpaceSize: 1.00 GB
Initial GC threshold: 21.00 MB
Current GC threshold: 35.13 MB
CDS: on
MetaspaceReclaimPolicy: balanced
 - commit_granule_bytes: 65536.
 - commit_granule_words: 8192.
 - virtual_space_node_default_size: 8388608.
 - enlarge_chunks_in_place: 1.
 - new_chunks_are_fully_committed: 0.
 - uncommit_free_chunks: 1.
 - use_allocation_guard: 0.


Internal statistics:

num_allocs_failed_limit: 3.
num_arena_births: 376.
num_arena_deaths: 0.
num_vsnodes_births: 2.
num_vsnodes_deaths: 0.
num_space_committed: 559.
num_space_uncommitted: 0.
num_chunks_returned_to_freelist: 3.
num_chunks_taken_from_freelist: 1578.
num_chunk_merges: 3.
num_chunk_splits: 1138.
num_chunks_enlarged: 941.
num_inconsistent_stats: 0.

CodeHeap 'non-profiled nmethods': size=120064Kb used=1827Kb max_used=1827Kb free=118236Kb
 bounds [0x000002c617480000, 0x000002c6176f0000, 0x000002c61e9c0000]
CodeHeap 'profiled nmethods': size=120000Kb used=8704Kb max_used=8704Kb free=111295Kb
 bounds [0x000002c60ff50000, 0x000002c6107e0000, 0x000002c617480000]
CodeHeap 'non-nmethods': size=5696Kb used=1224Kb max_used=1258Kb free=4471Kb
 bounds [0x000002c60f9c0000, 0x000002c60fc30000, 0x000002c60ff50000]
 total_blobs=4419 nmethods=3901 adapters=431
 compilation: enabled
              stopped_count=0, restarted_count=0
 full_count=0

Compilation events (20 events):
Event: 19.741 Thread 0x000002c622e7f3a0 3906       3       java.util.regex.Pattern$BitClass::is (22 bytes)
Event: 19.742 Thread 0x000002c622e7f3a0 nmethod 3906 0x000002c6107cbd10 code [0x000002c6107cbea0, 0x000002c6107cc078]
Event: 19.799 Thread 0x000002c622e7f3a0 3907       3       java.nio.Buffer::mark (10 bytes)
Event: 19.799 Thread 0x000002c622e7f3a0 nmethod 3907 0x000002c6107cc190 code [0x000002c6107cc320, 0x000002c6107cc438]
Event: 19.805 Thread 0x000002c622e7f3a0 3908 %     3       java.util.Properties::load0 @ 29 (249 bytes)
Event: 19.806 Thread 0x000002c622e7f3a0 nmethod 3908% 0x000002c6107cc510 code [0x000002c6107cc760, 0x000002c6107cd308]
Event: 19.806 Thread 0x000002c622e7f3a0 3909       3       java.util.Properties::load0 (249 bytes)
Event: 19.808 Thread 0x000002c622e7f3a0 nmethod 3909 0x000002c6107cd710 code [0x000002c6107cd940, 0x000002c6107ce368]
Event: 19.821 Thread 0x000002c622e7f3a0 3911       2       jdk.internal.math.FDBigInteger::mult (64 bytes)
Event: 19.822 Thread 0x000002c622e7f3a0 nmethod 3911 0x000002c6107ce690 code [0x000002c6107ce840, 0x000002c6107cea78]
Event: 19.822 Thread 0x000002c622e7f3a0 3912       2       jdk.internal.math.FDBigInteger::<init> (30 bytes)
Event: 19.823 Thread 0x000002c622e7f3a0 nmethod 3912 0x000002c6107cec90 code [0x000002c6107cee40, 0x000002c6107cefc8]
Event: 19.823 Thread 0x000002c622e7f3a0 3913       2       jdk.internal.math.FDBigInteger::makeImmutable (6 bytes)
Event: 19.823 Thread 0x000002c622e7f3a0 nmethod 3913 0x000002c6107cf090 code [0x000002c6107cf220, 0x000002c6107cf338]
Event: 19.823 Thread 0x000002c622e7f3a0 3914       2       jdk.internal.math.FDBigInteger::mult (44 bytes)
Event: 19.824 Thread 0x000002c622e7f3a0 nmethod 3914 0x000002c6107cf410 code [0x000002c6107cf5c0, 0x000002c6107cf8d8]
Event: 19.826 Thread 0x000002c622e7f3a0 3915       2       jdk.internal.math.FDBigInteger::trimLeadingZeros (57 bytes)
Event: 19.826 Thread 0x000002c622e7f3a0 nmethod 3915 0x000002c6107cfa10 code [0x000002c6107cfba0, 0x000002c6107cfd78]
Event: 19.827 Thread 0x000002c622e7f3a0 3916       2       jdk.internal.math.FDBigInteger::size (10 bytes)
Event: 19.827 Thread 0x000002c622e7f3a0 nmethod 3916 0x000002c6107cfe90 code [0x000002c6107d0020, 0x000002c6107d0138]

GC Heap History (20 events):
Event: 0.959 GC heap before
{Heap before GC invocations=0 (full 0):
 garbage-first heap   total 65536K, used 6144K [0x00000000c1600000, 0x0000000100000000)
  region size 1024K, 6 young (6144K), 0 survivors (0K)
 Metaspace       used 767K, committed 896K, reserved 1114112K
  class space    used 50K, committed 128K, reserved 1048576K
}
Event: 0.969 GC heap after
{Heap after GC invocations=1 (full 0):
 garbage-first heap   total 65536K, used 4908K [0x00000000c1600000, 0x0000000100000000)
  region size 1024K, 1 young (1024K), 1 survivors (1024K)
 Metaspace       used 767K, committed 896K, reserved 1114112K
  class space    used 50K, committed 128K, reserved 1048576K
}
Event: 1.376 GC heap before
{Heap before GC invocations=1 (full 0):
 garbage-first heap   total 65536K, used 6956K [0x00000000c1600000, 0x0000000100000000)
  region size 1024K, 3 young (3072K), 1 survivors (1024K)
 Metaspace       used 1780K, committed 1984K, reserved 1114112K
  class space    used 147K, committed 256K, reserved 1048576K
}
Event: 1.385 GC heap after
{Heap after GC invocations=2 (full 0):
 garbage-first heap   total 65536K, used 5701K [0x00000000c1600000, 0x0000000100000000)
  region size 1024K, 1 young (1024K), 1 survivors (1024K)
 Metaspace       used 1780K, committed 1984K, reserved 1114112K
  class space    used 147K, committed 256K, reserved 1048576K
}
Event: 2.291 GC heap before
{Heap before GC invocations=2 (full 0):
 garbage-first heap   total 65536K, used 10821K [0x00000000c1600000, 0x0000000100000000)
  region size 1024K, 7 young (7168K), 1 survivors (1024K)
 Metaspace       used 3665K, committed 3840K, reserved 1114112K
  class space    used 379K, committed 448K, reserved 1048576K
}
Event: 2.300 GC heap after
{Heap after GC invocations=3 (full 0):
 garbage-first heap   total 65536K, used 6429K [0x00000000c1600000, 0x0000000100000000)
  region size 1024K, 1 young (1024K), 1 survivors (1024K)
 Metaspace       used 3665K, committed 3840K, reserved 1114112K
  class space    used 379K, committed 448K, reserved 1048576K
}
Event: 4.221 GC heap before
{Heap before GC invocations=3 (full 0):
 garbage-first heap   total 65536K, used 19741K [0x00000000c1600000, 0x0000000100000000)
  region size 1024K, 15 young (15360K), 1 survivors (1024K)
 Metaspace       used 7024K, committed 7168K, reserved 1114112K
  class space    used 823K, committed 896K, reserved 1048576K
}
Event: 4.231 GC heap after
{Heap after GC invocations=4 (full 0):
 garbage-first heap   total 65536K, used 7491K [0x00000000c1600000, 0x0000000100000000)
  region size 1024K, 2 young (2048K), 2 survivors (2048K)
 Metaspace       used 7024K, committed 7168K, reserved 1114112K
  class space    used 823K, committed 896K, reserved 1048576K
}
Event: 7.826 GC heap before
{Heap before GC invocations=4 (full 0):
 garbage-first heap   total 65536K, used 43331K [0x00000000c1600000, 0x0000000100000000)
  region size 1024K, 39 young (39936K), 2 survivors (2048K)
 Metaspace       used 16432K, committed 16640K, reserved 1114112K
  class space    used 2024K, committed 2112K, reserved 1048576K
}
Event: 7.851 GC heap after
{Heap after GC invocations=5 (full 0):
 garbage-first heap   total 65536K, used 10041K [0x00000000c1600000, 0x0000000100000000)
  region size 1024K, 5 young (5120K), 5 survivors (5120K)
 Metaspace       used 16432K, committed 16640K, reserved 1114112K
  class space    used 2024K, committed 2112K, reserved 1048576K
}
Event: 11.634 GC heap before
{Heap before GC invocations=5 (full 0):
 garbage-first heap   total 65536K, used 42809K [0x00000000c1600000, 0x0000000100000000)
  region size 1024K, 38 young (38912K), 5 survivors (5120K)
 Metaspace       used 21298K, committed 21504K, reserved 1114112K
  class space    used 2636K, committed 2752K, reserved 1048576K
}
Event: 11.659 GC heap after
{Heap after GC invocations=6 (full 0):
 garbage-first heap   total 65536K, used 11833K [0x00000000c1600000, 0x0000000100000000)
  region size 1024K, 5 young (5120K), 5 survivors (5120K)
 Metaspace       used 21298K, committed 21504K, reserved 1114112K
  class space    used 2636K, committed 2752K, reserved 1048576K
}
Event: 14.740 GC heap before
{Heap before GC invocations=7 (full 0):
 garbage-first heap   total 48128K, used 35385K [0x00000000c1600000, 0x0000000100000000)
  region size 1024K, 28 young (28672K), 5 survivors (5120K)
 Metaspace       used 25404K, committed 25728K, reserved 1114112K
  class space    used 3275K, committed 3456K, reserved 1048576K
}
Event: 14.774 GC heap after
{Heap after GC invocations=8 (full 0):
 garbage-first heap   total 48128K, used 13850K [0x00000000c1600000, 0x0000000100000000)
  region size 1024K, 4 young (4096K), 4 survivors (4096K)
 Metaspace       used 25404K, committed 25728K, reserved 1114112K
  class space    used 3275K, committed 3456K, reserved 1048576K
}
Event: 14.865 GC heap before
{Heap before GC invocations=8 (full 0):
 garbage-first heap   total 48128K, used 14874K [0x00000000c1600000, 0x0000000100000000)
  region size 1024K, 5 young (5120K), 4 survivors (4096K)
 Metaspace       used 25547K, committed 25856K, reserved 1114112K
  class space    used 3297K, committed 3456K, reserved 1048576K
}
Event: 14.887 GC heap after
{Heap after GC invocations=9 (full 0):
 garbage-first heap   total 48128K, used 14686K [0x00000000c1600000, 0x0000000100000000)
  region size 1024K, 1 young (1024K), 1 survivors (1024K)
 Metaspace       used 25547K, committed 25856K, reserved 1114112K
  class space    used 3297K, committed 3456K, reserved 1048576K
}
Event: 17.301 GC heap before
{Heap before GC invocations=9 (full 0):
 garbage-first heap   total 48128K, used 34142K [0x00000000c1600000, 0x0000000100000000)
  region size 1024K, 21 young (21504K), 1 survivors (1024K)
 Metaspace       used 29643K, committed 29952K, reserved 1114112K
  class space    used 3752K, committed 3904K, reserved 1048576K
}
Event: 17.312 GC heap after
{Heap after GC invocations=10 (full 0):
 garbage-first heap   total 48128K, used 16250K [0x00000000c1600000, 0x0000000100000000)
  region size 1024K, 3 young (3072K), 3 survivors (3072K)
 Metaspace       used 29643K, committed 29952K, reserved 1114112K
  class space    used 3752K, committed 3904K, reserved 1048576K
}
Event: 19.125 GC heap before
{Heap before GC invocations=10 (full 0):
 garbage-first heap   total 48128K, used 34682K [0x00000000c1600000, 0x0000000100000000)
  region size 1024K, 21 young (21504K), 3 survivors (3072K)
 Metaspace       used 33613K, committed 33984K, reserved 1114112K
  class space    used 4360K, committed 4544K, reserved 1048576K
}
Event: 19.141 GC heap after
{Heap after GC invocations=11 (full 0):
 garbage-first heap   total 48128K, used 17406K [0x00000000c1600000, 0x0000000100000000)
  region size 1024K, 2 young (2048K), 2 survivors (2048K)
 Metaspace       used 33613K, committed 33984K, reserved 1114112K
  class space    used 4360K, committed 4544K, reserved 1048576K
}

Deoptimization events (20 events):
Event: 17.344 Thread 0x000002c6278fa580 Uncommon trap: trap_request=0xffffff76 fr.pc=0x000002c61761819c relative=0x00000000000007dc
Event: 17.344 Thread 0x000002c6278fa580 Uncommon trap: reason=predicate action=maybe_recompile pc=0x000002c61761819c method=java.util.AbstractCollection.toArray([Ljava/lang/Object;)[Ljava/lang/Object; @ 43 c2
Event: 17.344 Thread 0x000002c6278fa580 DEOPT PACKING pc=0x000002c61761819c sp=0x000000fe762fca60
Event: 17.345 Thread 0x000002c6278fa580 DEOPT UNPACKING pc=0x000002c60fa1239d sp=0x000000fe762fca28 mode 2
Event: 17.509 Thread 0x000002c6278fa580 Uncommon trap: trap_request=0xffffff45 fr.pc=0x000002c61757b730 relative=0x0000000000000210
Event: 17.510 Thread 0x000002c6278fa580 Uncommon trap: reason=unstable_if action=reinterpret pc=0x000002c61757b730 method=jdk.internal.org.objectweb.asm.Frame.push(I)V @ 26 c2
Event: 17.510 Thread 0x000002c6278fa580 DEOPT PACKING pc=0x000002c61757b730 sp=0x000000fe762fc8b0
Event: 17.510 Thread 0x000002c6278fa580 DEOPT UNPACKING pc=0x000002c60fa1239d sp=0x000000fe762fc858 mode 2
Event: 19.637 Thread 0x000002c6278fa580 Uncommon trap: trap_request=0xffffff45 fr.pc=0x000002c6175f15b8 relative=0x0000000000000578
Event: 19.637 Thread 0x000002c6278fa580 Uncommon trap: reason=unstable_if action=reinterpret pc=0x000002c6175f15b8 method=java.lang.StringConcatHelper.stringOf(Ljava/lang/Object;)Ljava/lang/String; @ 1 c2
Event: 19.637 Thread 0x000002c6278fa580 DEOPT PACKING pc=0x000002c6175f15b8 sp=0x000000fe762fd1f0
Event: 19.637 Thread 0x000002c6278fa580 DEOPT UNPACKING pc=0x000002c60fa1239d sp=0x000000fe762fd130 mode 2
Event: 19.750 Thread 0x000002c6278fa580 Uncommon trap: trap_request=0xffffff45 fr.pc=0x000002c6174be8c0 relative=0x00000000000000c0
Event: 19.750 Thread 0x000002c6278fa580 Uncommon trap: reason=unstable_if action=reinterpret pc=0x000002c6174be8c0 method=java.net.URI.match(CJJ)Z @ 45 c2
Event: 19.750 Thread 0x000002c6278fa580 DEOPT PACKING pc=0x000002c6174be8c0 sp=0x000000fe762fc950
Event: 19.750 Thread 0x000002c6278fa580 DEOPT UNPACKING pc=0x000002c60fa1239d sp=0x000000fe762fc8d8 mode 2
Event: 19.804 Thread 0x000002c6278fa580 Uncommon trap: trap_request=0xffffff45 fr.pc=0x000002c6175e6260 relative=0x0000000000000760
Event: 19.804 Thread 0x000002c6278fa580 Uncommon trap: reason=unstable_if action=reinterpret pc=0x000002c6175e6260 method=java.util.Properties.load0(Ljava/util/Properties$LineReader;)V @ 160 c2
Event: 19.804 Thread 0x000002c6278fa580 DEOPT PACKING pc=0x000002c6175e6260 sp=0x000000fe762fa630
Event: 19.804 Thread 0x000002c6278fa580 DEOPT UNPACKING pc=0x000002c60fa1239d sp=0x000000fe762fa5d8 mode 2

Classes loaded (20 events):
Event: 19.706 Loading class java/util/concurrent/SynchronousQueue$TransferQueue$QNode
Event: 19.712 Loading class java/util/concurrent/SynchronousQueue$TransferQueue$QNode done
Event: 19.722 Loading class java/util/concurrent/ThreadPoolExecutor$DiscardPolicy
Event: 19.722 Loading class java/util/concurrent/ThreadPoolExecutor$DiscardPolicy done
Event: 19.727 Loading class java/util/concurrent/atomic/AtomicIntegerFieldUpdater
Event: 19.728 Loading class java/util/concurrent/atomic/AtomicIntegerFieldUpdater done
Event: 19.728 Loading class java/util/concurrent/atomic/AtomicIntegerFieldUpdater$AtomicIntegerFieldUpdaterImpl
Event: 19.730 Loading class java/util/concurrent/atomic/AtomicIntegerFieldUpdater$AtomicIntegerFieldUpdaterImpl done
Event: 19.730 Loading class java/util/concurrent/atomic/AtomicIntegerFieldUpdater$AtomicIntegerFieldUpdaterImpl$1
Event: 19.731 Loading class java/util/concurrent/atomic/AtomicIntegerFieldUpdater$AtomicIntegerFieldUpdaterImpl$1 done
Event: 19.759 Loading class java/io/StringWriter
Event: 19.759 Loading class java/io/StringWriter done
Event: 19.816 Loading class jdk/internal/math/FDBigInteger
Event: 19.820 Loading class jdk/internal/math/FDBigInteger done
Event: 19.824 Loading class java/math/MathContext
Event: 19.825 Loading class java/math/MathContext done
Event: 19.830 Loading class java/util/Collections$UnmodifiableMap$UnmodifiableEntrySet$UnmodifiableEntrySetSpliterator
Event: 19.830 Loading class java/util/Collections$UnmodifiableMap$UnmodifiableEntrySet$UnmodifiableEntrySetSpliterator done
Event: 19.830 Loading class java/util/HashMap$EntrySpliterator
Event: 19.831 Loading class java/util/HashMap$EntrySpliterator done

Classes unloaded (0 events):
No events

Classes redefined (0 events):
No events

Internal exceptions (20 events):
Event: 14.315 Thread 0x000002c6278fa580 Exception <a 'java/lang/NoSuchMethodError'{0x00000000c2c55618}: 'java.lang.reflect.Field[] java.lang.Class.getDeclaredFields(java.lang.Class)'> (0x00000000c2c55618) 
thrown [s\open\src\hotspot\share\interpreter\linkResolver.cpp, line 759]
Event: 14.369 Thread 0x000002c6278fa580 Exception <a 'java/lang/NoSuchMethodError'{0x00000000c2cc0ad8}: 'void java.lang.invoke.DirectMethodHandle$Holder.invokeStatic(java.lang.Object, java.lang.Object, int)'> (0x00000000c2cc0ad8) 
thrown [s\open\src\hotspot\share\interpreter\linkResolver.cpp, line 759]
Event: 14.539 Thread 0x000002c6278fa580 Exception <a 'java/lang/NoSuchMethodError'{0x00000000c2a36b80}: 'void java.lang.invoke.DirectMethodHandle$Holder.invokeInterface(java.lang.Object, java.lang.Object, int)'> (0x00000000c2a36b80) 
thrown [s\open\src\hotspot\share\interpreter\linkResolver.cpp, line 759]
Event: 14.548 Thread 0x000002c6278fa580 Exception <a 'java/lang/NoSuchMethodError'{0x00000000c2a50698}: 'int java.lang.invoke.DirectMethodHandle$Holder.invokeVirtual(java.lang.Object, java.lang.Object)'> (0x00000000c2a50698) 
thrown [s\open\src\hotspot\share\interpreter\linkResolver.cpp, line 759]
Event: 14.569 Thread 0x000002c6278fa580 Exception <a 'java/lang/IncompatibleClassChangeError'{0x00000000c2a89f40}: Found class java.lang.Object, but interface was expected> (0x00000000c2a89f40) 
thrown [s\open\src\hotspot\share\interpreter\linkResolver.cpp, line 826]
Event: 14.573 Thread 0x000002c6278fa580 Exception <a 'java/lang/NoSuchMethodError'{0x00000000c2a8f038}: 'void java.lang.invoke.DirectMethodHandle$Holder.invokeStatic(java.lang.Object, int, java.lang.Object)'> (0x00000000c2a8f038) 
thrown [s\open\src\hotspot\share\interpreter\linkResolver.cpp, line 759]
Event: 14.606 Thread 0x000002c6278fa580 Exception <a 'java/lang/NoSuchMethodError'{0x00000000c2abe758}: 'int java.lang.invoke.DirectMethodHandle$Holder.invokeSpecial(java.lang.Object, java.lang.Object, int)'> (0x00000000c2abe758) 
thrown [s\open\src\hotspot\share\interpreter\linkResolver.cpp, line 759]
Event: 15.154 Thread 0x000002c6278fa580 Exception <a 'java/lang/NoSuchMethodError'{0x00000000c410e6f0}: 'java.lang.Object java.lang.invoke.DirectMethodHandle$Holder.invokeStaticInit(java.lang.Object, int, int, int, int)'> (0x00000000c410e6f0) 
thrown [s\open\src\hotspot\share\interpreter\linkResolver.cpp, line 759]
Event: 15.466 Thread 0x000002c6278fa580 Exception <a 'java/lang/NoSuchMethodError'{0x00000000c4138a60}: 'java.lang.Object java.lang.invoke.DirectMethodHandle$Holder.invokeStaticInit(java.lang.Object, java.lang.Object, int, int, int, int)'> (0x00000000c4138a60) 
thrown [s\open\src\hotspot\share\interpreter\linkResolver.cpp, line 759]
Event: 15.778 Thread 0x000002c6278fa580 Exception <a 'java/lang/NoSuchMethodError'{0x00000000c3feafe0}: 'int java.lang.invoke.DirectMethodHandle$Holder.invokeVirtual(java.lang.Object, java.lang.Object, java.lang.Object, java.lang.Object)'> (0x00000000c3feafe0) 
thrown [s\open\src\hotspot\share\interpreter\linkResolver.cpp, line 759]
Event: 15.779 Thread 0x000002c6278fa580 Exception <a 'java/lang/NoSuchMethodError'{0x00000000c3feed70}: 'int java.lang.invoke.DelegatingMethodHandle$Holder.reinvoke_L(java.lang.Object, java.lang.Object, java.lang.Object, java.lang.Object)'> (0x00000000c3feed70) 
thrown [s\open\src\hotspot\share\interpreter\linkResolver.cpp, line 759]
Event: 16.235 Thread 0x000002c6278fa580 Exception <a 'sun/nio/fs/WindowsException'{0x00000000c397a360}> (0x00000000c397a360) 
thrown [s\open\src\hotspot\share\prims\jni.cpp, line 516]
Event: 16.238 Thread 0x000002c6278fa580 Exception <a 'sun/nio/fs/WindowsException'{0x00000000c3980050}> (0x00000000c3980050) 
thrown [s\open\src\hotspot\share\prims\jni.cpp, line 516]
Event: 16.239 Thread 0x000002c6278fa580 Exception <a 'sun/nio/fs/WindowsException'{0x00000000c3980730}> (0x00000000c3980730) 
thrown [s\open\src\hotspot\share\prims\jni.cpp, line 516]
Event: 16.734 Thread 0x000002c6278fa580 Exception <a 'java/io/FileNotFoundException'{0x00000000c3442c98}> (0x00000000c3442c98) 
thrown [s\open\src\hotspot\share\prims\jni.cpp, line 516]
Event: 16.894 Thread 0x000002c6278fa580 Exception <a 'java/lang/NoSuchMethodError'{0x00000000c336d1a0}: 'int java.lang.invoke.DirectMethodHandle$Holder.invokeInterface(java.lang.Object, java.lang.Object, java.lang.Object, java.lang.Object)'> (0x00000000c336d1a0) 
thrown [s\open\src\hotspot\share\interpreter\linkResolver.cpp, line 759]
Event: 17.119 Thread 0x000002c6278fa580 Exception <a 'java/io/FileNotFoundException'{0x00000000c314a6d8}> (0x00000000c314a6d8) 
thrown [s\open\src\hotspot\share\prims\jni.cpp, line 516]
Event: 17.509 Thread 0x000002c6278fa580 Exception <a 'java/lang/NoSuchMethodError'{0x00000000c41e06d0}: 'java.lang.Object java.lang.invoke.DirectMethodHandle$Holder.newInvokeSpecial(java.lang.Object, java.lang.Object, java.lang.Object, java.lang.Object, java.lang.Object, java.lang.Object, java.lang.Object, java.lang.Object, java.lang.Object, java.lang.Object, java.lang.Object)'> (0x00000000c41e06d0) 
thrown [s\open\src\hotspot\share\interpreter\linkResolver.cpp, line 759]
Event: 17.512 Thread 0x000002c6278fa580 Exception <a 'java/lang/NoSuchMethodError'{0x00000000c41e5b38}: 'java.lang.Object java.lang.invoke.DirectMethodHandle$Holder.invokeSpecial(java.lang.Object, java.lang.Object, java.lang.Object, java.lang.Object, java.lang.Object, java.lang.Object, java.lang.Object, java.lang.Object, java.lang.Object, java.lang.Object, java.lang.Object, java.lang.Object)'> (0x00000000c41e5b38) 
thrown [s\open\src\hotspot\share\interpreter\linkResolver.cpp, line 759]
Event: 19.637 Thread 0x000002c6278fa580 Implicit null exception at 0x000002c6175f1060 to 0x000002c6175f15a4

VM Operations (20 events):
Event: 16.016 Executing VM operation: HandshakeAllThreads
Event: 16.016 Executing VM operation: HandshakeAllThreads done
Event: 16.016 Executing VM operation: Cleanup
Event: 16.016 Executing VM operation: Cleanup done
Event: 16.367 Executing VM operation: HandshakeAllThreads
Event: 16.367 Executing VM operation: HandshakeAllThreads done
Event: 16.990 Executing VM operation: HandshakeAllThreads
Event: 16.990 Executing VM operation: HandshakeAllThreads done
Event: 16.992 Executing VM operation: HandshakeAllThreads
Event: 16.992 Executing VM operation: HandshakeAllThreads done
Event: 17.129 Executing VM operation: HandshakeAllThreads
Event: 17.129 Executing VM operation: HandshakeAllThreads done
Event: 17.129 Executing VM operation: Cleanup
Event: 17.129 Executing VM operation: Cleanup done
Event: 17.278 Executing VM operation: HandshakeAllThreads
Event: 17.278 Executing VM operation: HandshakeAllThreads done
Event: 17.285 Executing VM operation: G1CollectForAllocation
Event: 17.318 Executing VM operation: G1CollectForAllocation done
Event: 19.123 Executing VM operation: G1CollectForAllocation
Event: 19.141 Executing VM operation: G1CollectForAllocation done

Events (20 events):
Event: 0.344 Thread 0x000002c62717fdf0 Thread added: 0x000002c62717fdf0
Event: 0.359 Thread 0x000002c62718acf0 Thread added: 0x000002c62718acf0
Event: 0.381 Loaded shared library C:\Program Files\Java\jdk-18.0.2\bin\net.dll
Event: 0.388 Loaded shared library C:\Program Files\Java\jdk-18.0.2\bin\nio.dll
Event: 0.398 Loaded shared library C:\Program Files\Java\jdk-18.0.2\bin\zip.dll
Event: 0.888 Loaded shared library C:\Program Files\Java\jdk-18.0.2\bin\verify.dll
Event: 0.904 Loaded shared library C:\Program Files\Java\jdk-18.0.2\bin\jimage.dll
Event: 2.356 Loaded shared library C:\Program Files\Java\jdk-18.0.2\bin\management.dll
Event: 2.370 Loaded shared library C:\Program Files\Java\jdk-18.0.2\bin\management_ext.dll
Event: 2.616 Thread 0x000002c6278fa0c0 Thread added: 0x000002c6278fa0c0
Event: 2.645 Thread 0x000002c6278fa580 Thread added: 0x000002c6278fa580
Event: 4.762 Thread 0x000002c627cfed90 Thread added: 0x000002c627cfed90
Event: 7.471 Thread 0x000002c628266210 Thread added: 0x000002c628266210
Event: 7.948 Thread 0x000002c628266210 Thread exited: 0x000002c628266210
Event: 8.871 Thread 0x000002c627cfed90 Thread exited: 0x000002c627cfed90
Event: 16.083 Loaded shared library C:\Program Files\Java\jdk-18.0.2\bin\sunmscapi.dll
Event: 17.146 Thread 0x000002c628731710 Thread added: 0x000002c628731710
Event: 17.156 Thread 0x000002c62872ff00 Thread added: 0x000002c62872ff00
Event: 17.168 Thread 0x000002c628732f20 Thread added: 0x000002c628732f20
Event: 17.279 Thread 0x000002c6287303d0 Thread added: 0x000002c6287303d0


Dynamic libraries:
0x00007ff6a76f0000 - 0x00007ff6a7700000 	C:\Program Files\Java\jdk-18.0.2\bin\java.exe
0x00007fff59f40000 - 0x00007fff5a130000 	C:\WINDOWS\SYSTEM32\ntdll.dll
0x00007fff47a00000 - 0x00007fff47a16000 	E:\avast\aswhook.dll
0x00007fff58130000 - 0x00007fff581e2000 	C:\WINDOWS\System32\KERNEL32.DLL
0x00007fff570e0000 - 0x00007fff57385000 	C:\WINDOWS\System32\KERNELBASE.dll
0x00007fff57ef0000 - 0x00007fff57fea000 	C:\WINDOWS\System32\ucrtbase.dll
0x00007fff3c910000 - 0x00007fff3c928000 	C:\Program Files\Java\jdk-18.0.2\bin\jli.dll
0x00007fff59cb0000 - 0x00007fff59d53000 	C:\WINDOWS\System32\ADVAPI32.dll
0x00007fff59550000 - 0x00007fff595ee000 	C:\WINDOWS\System32\msvcrt.dll
0x00007fff59b40000 - 0x00007fff59bd7000 	C:\WINDOWS\System32\sechost.dll
0x00007fff58470000 - 0x00007fff58590000 	C:\WINDOWS\System32\RPCRT4.dll
0x00007fff52640000 - 0x00007fff5265a000 	C:\Program Files\Java\jdk-18.0.2\bin\VCRUNTIME140.dll
0x00007fff59d60000 - 0x00007fff59ef4000 	C:\WINDOWS\System32\USER32.dll
0x00007fff57da0000 - 0x00007fff57dc1000 	C:\WINDOWS\System32\win32u.dll
0x00007fff59510000 - 0x00007fff59536000 	C:\WINDOWS\System32\GDI32.dll
0x00007fff56eb0000 - 0x00007fff57046000 	C:\WINDOWS\System32\gdi32full.dll
0x00007fff57dd0000 - 0x00007fff57e6e000 	C:\WINDOWS\System32\msvcp_win.dll
0x00007fff443e0000 - 0x00007fff44664000 	C:\WINDOWS\WinSxS\amd64_microsoft.windows.common-controls_6595b64144ccf1df_6.0.18362.1256_none_9e7e379be45e40e2\COMCTL32.dll
0x00007fff59790000 - 0x00007fff59ac6000 	C:\WINDOWS\System32\combase.dll
0x00007fff57050000 - 0x00007fff570d1000 	C:\WINDOWS\System32\bcryptPrimitives.dll
0x00007fff52d90000 - 0x00007fff52d9a000 	C:\WINDOWS\SYSTEM32\VERSION.dll
0x00007fff58920000 - 0x00007fff5894e000 	C:\WINDOWS\System32\IMM32.DLL
0x00007fff52630000 - 0x00007fff5263c000 	C:\Program Files\Java\jdk-18.0.2\bin\vcruntime140_1.dll
0x00007fff1cc20000 - 0x00007fff1ccad000 	C:\Program Files\Java\jdk-18.0.2\bin\msvcp140.dll
0x00007ffef9c70000 - 0x00007ffefa881000 	C:\Program Files\Java\jdk-18.0.2\bin\server\jvm.dll
0x00007fff59780000 - 0x00007fff59788000 	C:\WINDOWS\System32\PSAPI.DLL
0x00007fff55910000 - 0x00007fff55919000 	C:\WINDOWS\SYSTEM32\WSOCK32.dll
0x00007fff59ad0000 - 0x00007fff59b3f000 	C:\WINDOWS\System32\WS2_32.dll
0x00007fff54430000 - 0x00007fff54454000 	C:\WINDOWS\SYSTEM32\WINMM.dll
0x00007fff54220000 - 0x00007fff5424d000 	C:\WINDOWS\SYSTEM32\winmmbase.dll
0x00007fff57e70000 - 0x00007fff57eba000 	C:\WINDOWS\System32\cfgmgr32.dll
0x00007fff56e40000 - 0x00007fff56e51000 	C:\WINDOWS\System32\kernel.appcore.dll
0x00007fff50780000 - 0x00007fff5078a000 	C:\Program Files\Java\jdk-18.0.2\bin\jimage.dll
0x00007fff556a0000 - 0x00007fff55894000 	C:\WINDOWS\SYSTEM32\DBGHELP.DLL
0x00007fff4c710000 - 0x00007fff4c73a000 	C:\WINDOWS\SYSTEM32\dbgcore.DLL
0x00007fff525c0000 - 0x00007fff525e5000 	C:\Program Files\Java\jdk-18.0.2\bin\java.dll
0x00007fff45880000 - 0x00007fff45956000 	C:\Program Files\Java\jdk-18.0.2\bin\jsvml.dll
0x00007fff589b0000 - 0x00007fff59097000 	C:\WINDOWS\System32\SHELL32.dll
0x00007fff59670000 - 0x00007fff59719000 	C:\WINDOWS\System32\shcore.dll
0x00007fff57610000 - 0x00007fff57d91000 	C:\WINDOWS\System32\windows.storage.dll
0x00007fff56df0000 - 0x00007fff56e13000 	C:\WINDOWS\System32\profapi.dll
0x00007fff56e60000 - 0x00007fff56eaa000 	C:\WINDOWS\System32\powrprof.dll
0x00007fff56de0000 - 0x00007fff56df0000 	C:\WINDOWS\System32\UMPDC.dll
0x00007fff58950000 - 0x00007fff589a2000 	C:\WINDOWS\System32\shlwapi.dll
0x00007fff57590000 - 0x00007fff575a7000 	C:\WINDOWS\System32\cryptsp.dll
0x00007fff50760000 - 0x00007fff50773000 	C:\Program Files\Java\jdk-18.0.2\bin\net.dll
0x00007fff48ff0000 - 0x00007fff490e0000 	C:\WINDOWS\SYSTEM32\WINHTTP.dll
0x00007fff565d0000 - 0x00007fff56637000 	C:\WINDOWS\system32\mswsock.dll
0x00007fff45860000 - 0x00007fff45876000 	C:\Program Files\Java\jdk-18.0.2\bin\nio.dll
0x00007fff45840000 - 0x00007fff45858000 	C:\Program Files\Java\jdk-18.0.2\bin\zip.dll
0x00007fff45830000 - 0x00007fff45840000 	C:\Program Files\Java\jdk-18.0.2\bin\verify.dll
0x00007fff526c0000 - 0x00007fff526c9000 	C:\Program Files\Java\jdk-18.0.2\bin\management.dll
0x00007fff526b0000 - 0x00007fff526bb000 	C:\Program Files\Java\jdk-18.0.2\bin\management_ext.dll
0x00007fff2f710000 - 0x00007fff2f726000 	C:\WINDOWS\system32\napinsp.dll
0x00007fff2f220000 - 0x00007fff2f23a000 	C:\WINDOWS\system32\pnrpnsp.dll
0x00007fff56330000 - 0x00007fff563fb000 	C:\WINDOWS\SYSTEM32\DNSAPI.dll
0x00007fff58590000 - 0x00007fff58598000 	C:\WINDOWS\System32\NSI.dll
0x00007fff562e0000 - 0x00007fff5631a000 	C:\WINDOWS\SYSTEM32\IPHLPAPI.DLL
0x00007fff301e0000 - 0x00007fff301ee000 	C:\WINDOWS\System32\winrnr.dll
0x00007fff52e20000 - 0x00007fff52e3c000 	C:\WINDOWS\system32\NLAapi.dll
0x00007fff3d6f0000 - 0x00007fff3d705000 	C:\WINDOWS\system32\wshbth.dll
0x00007fff39bd0000 - 0x00007fff39bda000 	C:\Windows\System32\rasadhlp.dll
0x00007fff4d270000 - 0x00007fff4d2e7000 	C:\WINDOWS\System32\fwpuclnt.dll
0x00007fff57ec0000 - 0x00007fff57ee6000 	C:\WINDOWS\System32\bcrypt.dll
0x00007fff56140000 - 0x00007fff56173000 	C:\WINDOWS\system32\rsaenh.dll
0x00007fff56cc0000 - 0x00007fff56ce5000 	C:\WINDOWS\SYSTEM32\USERENV.dll
0x00007fff567a0000 - 0x00007fff567ac000 	C:\WINDOWS\SYSTEM32\CRYPTBASE.dll
0x00007fff4d5e0000 - 0x00007fff4d5f6000 	C:\WINDOWS\SYSTEM32\dhcpcsvc6.DLL
0x00007fff4d7e0000 - 0x00007fff4d7fc000 	C:\WINDOWS\SYSTEM32\dhcpcsvc.DLL
0x00007fff52670000 - 0x00007fff5267e000 	C:\Program Files\Java\jdk-18.0.2\bin\sunmscapi.dll
0x00007fff57440000 - 0x00007fff57589000 	C:\WINDOWS\System32\CRYPT32.dll
0x00007fff56e20000 - 0x00007fff56e32000 	C:\WINDOWS\System32\MSASN1.dll
0x00007fff568a0000 - 0x00007fff568c6000 	C:\WINDOWS\SYSTEM32\ncrypt.dll
0x00007fff56860000 - 0x00007fff5689b000 	C:\WINDOWS\SYSTEM32\NTASN1.dll

dbghelp: loaded successfully - version: 4.0.5 - missing functions: none
symbol engine: initialized successfully - sym options: 0x614 - pdb path: .;C:\Program Files\Java\jdk-18.0.2\bin;C:\WINDOWS\SYSTEM32;E:\avast;C:\WINDOWS\WinSxS\amd64_microsoft.windows.common-controls_6595b64144ccf1df_6.0.18362.1256_none_9e7e379be45e40e2;C:\Program Files\Java\jdk-18.0.2\bin\server

VM Arguments:
java_command: com.portfolio.PortafilioAP.PortafilioApApplication
java_class_path (initial): D:\usuarios\alumno\documentos\GitHub\ProyectoIntegrador-ArgentinaPrograma-GastonMarenco\BackEnd\target\classes;C:\Users\Alumno\.m2\repository\org\springframework\boot\spring-boot-starter-data-jpa\2.7.3\spring-boot-starter-data-jpa-2.7.3.jar;C:\Users\Alumno\.m2\repository\org\springframework\boot\spring-boot-starter-aop\2.7.3\spring-boot-starter-aop-2.7.3.jar;C:\Users\Alumno\.m2\repository\org\springframework\spring-aop\5.3.22\spring-aop-5.3.22.jar;C:\Users\Alumno\.m2\repository\org\aspectj\aspectjweaver\1.9.7\aspectjweaver-1.9.7.jar;C:\Users\Alumno\.m2\repository\org\springframework\boot\spring-boot-starter-jdbc\2.7.3\spring-boot-starter-jdbc-2.7.3.jar;C:\Users\Alumno\.m2\repository\com\zaxxer\HikariCP\4.0.3\HikariCP-4.0.3.jar;C:\Users\Alumno\.m2\repository\org\springframework\spring-jdbc\5.3.22\spring-jdbc-5.3.22.jar;C:\Users\Alumno\.m2\repository\jakarta\transaction\jakarta.transaction-api\1.3.3\jakarta.transaction-api-1.3.3.jar;C:\Users\Alumno\.m2\repository\jakarta\persistence\jakarta.persistence-api\2.2.3\jakarta.persistence-api-2.2.3.jar;C:\Users\Alumno\.m2\repository\org\hibernate\hibernate-core\5.6.10.Final\hibernate-core-5.6.10.Final.jar;C:\Users\Alumno\.m2\repository\org\jboss\logging\jboss-logging\3.4.3.Final\jboss-logging-3.4.3.Final.jar;C:\Users\Alumno\.m2\repository\net\bytebuddy\byte-buddy\1.12.13\byte-buddy-1.12.13.jar;C:\Users\Alumno\.m2\repository\antlr\antlr\2.7.7\antlr-2.7.7.jar;C:\Users\Alumno\.m2\repository\org\jboss\jandex\2.4.2.Final\jandex-2.4.2.Final.jar;C:\Users\Alumno\.m2\repository\com\fasterxml\classmate\1.5.1\classmate-1.5.1.jar;C:\Users\Alumno\.m2\repository\org\hibernate\common\hibernate-commons-annotations\5.1.2.Final\hibernate-commons-annotations-5.1.2.Final.jar;C:\Users\Alumno\.m2\repository\org\glassfish\jaxb\jaxb-runtime\2.3.6\jaxb-runtime-2.3.6.jar;C:\Users\Alumno\.m2\repository\org\glassfish\jaxb\txw2\2.3.6\txw2-2.3.6.jar;C:\Users\Alumno\.m2\repository\com\sun\istack\istack-commons-runtime\3.0.12\istack-commons-runtime-3.0.12.jar;C:\Users\Alumno\.m2\repository\com\sun\activation\jakarta.activation\1.2.2\jakarta.activation-1.2.2.jar;C:\Users\Alumno\.m2\repository\org\springframework\data\spring-data-jpa\2.7.2\spring-data-jpa-2.7.2.jar;C:\Users\Alumno\.m2\repository\org\springframework\data\spring-data-commons\2.7.2\spring-data-commons-2.7.2.jar;C:\Users\Alumno\.m2\repository\org\springframework\spring-orm\5.3.22\spring-orm-5.3.22.jar;C:\Users\Alumno\.m2\repository\org\springframework\spring-context\5.3.22\spring-context-5.3.22.jar;C:\Users\Alumno\.m2\repository\org\springframework\spring-tx\5.3.22\spring-tx-5.3.22.jar;C:\Users\Alumno\.m2\repository\org\springframework\spring-beans\5.3.22\spring-beans-5.3.22.jar;C:\Users\Alumno\.m2\repository\org\slf4j\slf4j-api\1.7.36\slf4j-api-1.7.36.jar;C:\Users\Alumno\.m2\repository\org\springframework\spring-aspects\5.3.22\spring-aspects-5.3.22.jar;C:\Users\Alumno\.m2\repository\org\springframework\boot\spring-boot-starter-validation\2.7.3\spring-boot-starter-validation-2.7.3.jar;C:\Users\Alumno\.m2\repository\org\springframework\boot\spring-boot-starter\2.7.3\spring-boot-starter-2.7.3.jar;C:\Users\Alumno\.m2\repository\org\springframework\boot\spring-boot-starter-logging\2.7.3\spring-boot-starter-logging-2.7.3.jar;C:\Users\Alumno\.m2\repository\ch\qos\logback\logback-classic\1.2.11\logback-classic-1.2.11.jar;C:\Users\Alumno\.m2\repository\ch\qos\logback\logback-core\1.2.11\logback-core-1.2.11.jar;C:\Users\Alumno\.m2\repository\org\apache\logging\log4j\log4j-to-slf4j\2.17.2\log4j-to-slf4j-2.17.2.jar;C:\Users\Alumno\.m2\repository\org\apache\logging\log4j\log4j-api\2.17.2\log4j-api-2.17.2.jar;C:\Users\Alumno\.m2\repository\org\slf4j\jul-to-slf4j\1.7.36\jul-to-slf4j-1.7.36.jar;C:\Users\Alumno\.m2\repository\jakarta\annotation\jakarta.annotation-api\1.3.5\jakarta.annotation-api-1.3.5.jar;C:\Users\Alumno\.m2\repository\org\yaml\snakeyaml\1.30\snakeyaml-1.30.jar;C:\Users\Alumno\.m2\repository\org\apache\tomcat\embed\tomcat-embed-el\9.0.65\tomcat-embed-el-9.0.65.jar;C:\Users\Alumno\.m2\repository\org\hibernate\validator\hibernate-validator\6.2.4.Final\hibernate-validator-6.2.4.Final.jar;C:\Users\Alumno\.m2\repository\jakarta\validation\jakarta.validation-api\2.0.2\jakarta.validation-api-2.0.2.jar;C:\Users\Alumno\.m2\repository\org\springframework\boot\spring-boot-starter-web\2.7.3\spring-boot-starter-web-2.7.3.jar;C:\Users\Alumno\.m2\repository\org\springframework\boot\spring-boot-starter-json\2.7.3\spring-boot-starter-json-2.7.3.jar;C:\Users\Alumno\.m2\repository\com\fasterxml\jackson\core\jackson-databind\2.13.3\jackson-databind-2.13.3.jar;C:\Users\Alumno\.m2\repository\com\fasterxml\jackson\core\jackson-annotations\2.13.3\jackson-annotations-2.13.3.jar;C:\Users\Alumno\.m2\repository\com\fasterxml\jackson\core\jackson-core\2.13.3\jackson-core-2.13.3.jar;C:\Users\Alumno\.m2\repository\com\fasterxml\jackson\datatype\jackson-datatype-jdk8\2.13.3\jackson-datatype-jdk8-2.13.3.jar;C:\Users\Alumno\.m2\repository\com\fasterxml\jackson\datatype\jackson-datatype-jsr310\2.13.3\jackson-datatype-jsr310-2.13.3.jar;C:\Users\Alumno\.m2\repository\com\fasterxml\jackson\module\jackson-module-parameter-names\2.13.3\jackson-module-parameter-names-2.13.3.jar;C:\Users\Alumno\.m2\repository\org\springframework\boot\spring-boot-starter-tomcat\2.7.3\spring-boot-starter-tomcat-2.7.3.jar;C:\Users\Alumno\.m2\repository\org\apache\tomcat\embed\tomcat-embed-core\9.0.65\tomcat-embed-core-9.0.65.jar;C:\Users\Alumno\.m2\repository\org\apache\tomcat\embed\tomcat-embed-websocket\9.0.65\tomcat-embed-websocket-9.0.65.jar;C:\Users\Alumno\.m2\repository\org\springframework\spring-web\5.3.22\spring-web-5.3.22.jar;C:\Users\Alumno\.m2\repository\org\springframework\spring-webmvc\5.3.22\spring-webmvc-5.3.22.jar;C:\Users\Alumno\.m2\repository\org\springframework\spring-expression\5.3.22\spring-expression-5.3.22.jar;C:\Users\Alumno\.m2\repository\org\springframework\boot\spring-boot-devtools\2.7.3\spring-boot-devtools-2.7.3.jar;C:\Users\Alumno\.m2\repository\org\springframework\boot\spring-boot\2.7.3\spring-boot-2.7.3.jar;C:\Users\Alumno\.m2\repository\org\springframework\boot\spring-boot-autoconfigure\2.7.3\spring-boot-autoconfigure-2.7.3.jar;C:\Users\Alumno\.m2\repository\mysql\mysql-connector-java\8.0.30\mysql-connector-java-8.0.30.jar;C:\Users\Alumno\.m2\repository\org\projectlombok\lombok\1.18.24\lombok-1.18.24.jar;C:\Users\Alumno\.m2\repository\jakarta\xml\bind\jakarta.xml.bind-api\2.3.3\jakarta.xml.bind-api-2.3.3.jar;C:\Users\Alumno\.m2\repository\jakarta\activation\jakarta.activation-api\1.2.2\jakarta.activation-api-1.2.2.jar;C:\Users\Alumno\.m2\repository\org\springframework\spring-core\5.3.22\spring-core-5.3.22.jar;C:\Users\Alumno\.m2\repository\org\springframework\spring-jcl\5.3.22\spring-jcl-5.3.22.jar
Launcher Type: SUN_STANDARD

[Global flags]
     intx CICompilerCount                          = 2                                         {product} {ergonomic}
     uint ConcGCThreads                            = 1                                         {product} {ergonomic}
     uint G1ConcRefinementThreads                  = 2                                         {product} {ergonomic}
   size_t G1HeapRegionSize                         = 1048576                                   {product} {ergonomic}
    uintx GCDrainStackTargetSize                   = 64                                        {product} {ergonomic}
   size_t InitialHeapSize                          = 67108864                                  {product} {ergonomic}
   size_t MarkStackSize                            = 4194304                                   {product} {ergonomic}
   size_t MaxHeapSize                              = 1050673152                                {product} {ergonomic}
   size_t MaxNewSize                               = 630194176                                 {product} {ergonomic}
   size_t MinHeapDeltaBytes                        = 1048576                                   {product} {ergonomic}
   size_t MinHeapSize                              = 8388608                                   {product} {ergonomic}
    uintx NonNMethodCodeHeapSize                   = 5826188                                {pd product} {ergonomic}
    uintx NonProfiledCodeHeapSize                  = 122916026                              {pd product} {ergonomic}
    uintx ProfiledCodeHeapSize                     = 122916026                              {pd product} {ergonomic}
    uintx ReservedCodeCacheSize                    = 251658240                              {pd product} {ergonomic}
     bool SegmentedCodeCache                       = true                                      {product} {ergonomic}
   size_t SoftMaxHeapSize                          = 1050673152                             {manageable} {ergonomic}
     bool UseCompressedClassPointers               = true                           {product lp64_product} {ergonomic}
     bool UseCompressedOops                        = true                           {product lp64_product} {ergonomic}
     bool UseG1GC                                  = true                                      {product} {ergonomic}
     bool UseLargePagesIndividualAllocation        = false                                  {pd product} {ergonomic}

Logging:
Log output configuration:
 #0: stdout all=warning uptime,level,tags foldmultilines=false
 #1: stderr all=off uptime,level,tags foldmultilines=false

Environment Variables:
JAVA_HOME=C:\Program Files\Java\jdk-18.0.2
PATH=C:\Program Files\Common Files\Oracle\Java\javapath;C:\Program Files (x86)\Common Files\Oracle\Java\javapath;C:\Python310\Scripts\;C:\Python310\;C:\Program Files (x86)\Intel\TXE Components\TCS\;C:\Program Files\Intel\TXE Components\TCS\;C:\WINDOWS\system32;C:\WINDOWS;C:\WINDOWS\System32\Wbem;C:\WINDOWS\System32\WindowsPowerShell\v1.0\;C:\Program Files\Intel\TXE Components\DAL\;C:\Program Files (x86)\Intel\TXE Components\DAL\;C:\Program Files\Intel\TXE Components\IPT\;C:\Program Files (x86)\Intel\TXE Components\IPT\;C:\Program Files (x86)\Common Files\Intel Education\Application Support;C:\Program Files\Common Files\Intel Education\Application Support;C:\Program Files\Intel\WiFi\bin\;C:\Program Files\Common Files\Intel\WirelessCommon\;C:\WINDOWS\System32\OpenSSH\;C:\Program Files\Git\cmd;C:\Program Files\nodejs\;C:\ProgramData\chocolatey\bin;C:\Users\Alumno\AppData\Local\Microsoft\WindowsApps;C:\Program Files\Intel\WiFi\bin\;C:\Program Files\Common Files\Intel\WirelessCommon\;E:\Microsoft VS Code\bin;C:\Users\Alumno\AppData\Roaming\npm;C:\Users\Alumno\AppData\Local\GitHubDesktop\bin
USERNAME=Gastón
OS=Windows_NT
PROCESSOR_IDENTIFIER=Intel64 Family 6 Model 76 Stepping 4, GenuineIntel



---------------  S Y S T E M  ---------------

OS:
 Windows 10 , 64 bit Build 18362 (10.0.18362.1110)
OS uptime: 0 days 2:44 hours

CPU: total 2 (initial active 2) (2 cores per cpu, 1 threads per core) family 6 model 76 stepping 4 microcode 0x410, cx8, cmov, fxsr, mmx, 3dnowpref, sse, sse2, sse3, ssse3, sse4.1, sse4.2, popcnt, tsc, tscinvbit, aes, erms, clmul, clflush

Memory: 4k page, system-wide physical 4000M (458M free)
TotalPageFile size 6979M (AvailPageFile size 8M)
current process WorkingSet (physical memory assigned to process): 164M, peak: 168M
current process commit charge ("private bytes"): 192M, peak: 196M

vm_info: Java HotSpot(TM) 64-Bit Server VM (18.0.2+9-61) for windows-amd64 JRE (18.0.2+9-61), built on Jun  7 2022 13:09:01 by "mach5one" with MS VC++ 16.8 / 16.9 (VS2019)

END.
