#
# There is insufficient memory for the Java Runtime Environment to continue.
# Native memory allocation (malloc) failed to allocate 212496 bytes for Chunk::new
# Possible reasons:
#   The system is out of physical RAM or swap space
#   The process is running with CompressedOops enabled, and the Java Heap may be blocking the growth of the native heap
# Possible solutions:
#   Reduce memory load on the system
#   Increase physical memory or swap space
#   Check if swap backing store is full
#   Decrease Java heap size (-Xmx/-Xms)
#   Decrease number of Java threads
#   Decrease Java thread stack sizes (-Xss)
#   Set larger code cache with -XX:ReservedCodeCacheSize=
#   JVM is running with Unscaled Compressed Oops mode in which the Java heap is
#     placed in the first 4GB address space. The Java Heap base address is the
#     maximum limit for the native heap growth. Please use -XX:HeapBaseMinAddress
#     to set the Java Heap base and to place the Java Heap above 4GB virtual address.
# This output file may be truncated or incomplete.
#
#  Out of Memory Error (arena.cpp:184), pid=10860, tid=928
#
# JRE version: Java(TM) SE Runtime Environment (18.0.2+9) (build 18.0.2+9-61)
# Java VM: Java HotSpot(TM) 64-Bit Server VM (18.0.2+9-61, mixed mode, tiered, compressed oops, compressed class ptrs, g1 gc, windows-amd64)
# No core dump will be written. Minidumps are not enabled by default on client versions of Windows
#

---------------  S U M M A R Y ------------

Command Line: -Dmaven.multiModuleProjectDirectory=D:\usuarios\alumno\documentos\GitHub\ProyectoIntegrador-ArgentinaPrograma-GastonMarenco\BackEnd org.apache.maven.wrapper.MavenWrapperMain -Dexec.vmArgs= -Dexec.args=${exec.vmArgs} -classpath %classpath ${exec.mainClass} ${exec.appArgs} -Dexec.executable=C:\Program Files\Java\jdk-18.0.2\bin\java.exe -Dexec.mainClass=com.portfolio.PortafilioAP.PortafilioApApplication -Dexec.classpathScope=runtime -Dexec.appArgs= -Dmaven.ext.class.path=D:\NetBeans-13\netbeans\java\maven-nblib\netbeans-eventspy.jar org.codehaus.mojo:exec-maven-plugin:3.0.0:exec

Host: Intel(R) Celeron(R) CPU  N3060  @ 1.60GHz, 2 cores, 3G,  Windows 10 , 64 bit Build 18362 (10.0.18362.1110)
Time: Tue Aug 30 22:21:19 2022 Hora estándar de Argentina elapsed time: 8.234178 seconds (0d 0h 0m 8s)

---------------  T H R E A D  ---------------

Current thread (0x0000028ada6041b0):  JavaThread "C2 CompilerThread0" daemon [_thread_in_native, id=928, stack(0x000000cc6f600000,0x000000cc6f700000)]


Current CompileTask:
C2:   8234 1925       4       com.google.inject.internal.MoreTypes::canonicalize (148 bytes)

Stack: [0x000000cc6f600000,0x000000cc6f700000]
Native frames: (J=compiled Java code, j=interpreted, Vv=VM code, C=native code)
V  [jvm.dll+0x6993ca]
V  [jvm.dll+0x7f481d]
V  [jvm.dll+0x7f612e]
V  [jvm.dll+0x7f67e3]
V  [jvm.dll+0x25cdaf]
V  [jvm.dll+0xb8c2f]
V  [jvm.dll+0xb8fa5]
V  [jvm.dll+0x386091]
V  [jvm.dll+0x34fd01]
V  [jvm.dll+0x34f19a]
V  [jvm.dll+0x22ff51]
V  [jvm.dll+0x22f321]
V  [jvm.dll+0x1ba01c]
V  [jvm.dll+0x23ec9a]
V  [jvm.dll+0x23cf85]
V  [jvm.dll+0x7a6e21]
V  [jvm.dll+0x7a125a]
V  [jvm.dll+0x698275]
C  [ucrtbase.dll+0x210b2]
C  [KERNEL32.DLL+0x17c24]
C  [ntdll.dll+0x6d4d1]


---------------  P R O C E S S  ---------------

Threads class SMR info:
_java_thread_list=0x0000028ade959340, length=12, elements={
0x0000028abf6b96c0, 0x0000028ada5c8290, 0x0000028ada5c9170, 0x0000028ada5fe6a0,
0x0000028ada5ff040, 0x0000028ada5ff9e0, 0x0000028ada601390, 0x0000028ada6041b0,
0x0000028ada6081d0, 0x0000028ada64e8d0, 0x0000028ade94f010, 0x0000028ade95fc60
}

Java Threads: ( => current thread )
  0x0000028abf6b96c0 JavaThread "main" [_thread_in_Java, id=9140, stack(0x000000cc6e900000,0x000000cc6ea00000)]
  0x0000028ada5c8290 JavaThread "Reference Handler" daemon [_thread_blocked, id=7500, stack(0x000000cc6f000000,0x000000cc6f100000)]
  0x0000028ada5c9170 JavaThread "Finalizer" daemon [_thread_blocked, id=10568, stack(0x000000cc6f100000,0x000000cc6f200000)]
  0x0000028ada5fe6a0 JavaThread "Signal Dispatcher" daemon [_thread_blocked, id=8560, stack(0x000000cc6f200000,0x000000cc6f300000)]
  0x0000028ada5ff040 JavaThread "Attach Listener" daemon [_thread_blocked, id=9088, stack(0x000000cc6f300000,0x000000cc6f400000)]
  0x0000028ada5ff9e0 JavaThread "Service Thread" daemon [_thread_blocked, id=7672, stack(0x000000cc6f400000,0x000000cc6f500000)]
  0x0000028ada601390 JavaThread "Monitor Deflation Thread" daemon [_thread_blocked, id=2396, stack(0x000000cc6f500000,0x000000cc6f600000)]
=>0x0000028ada6041b0 JavaThread "C2 CompilerThread0" daemon [_thread_in_native, id=928, stack(0x000000cc6f600000,0x000000cc6f700000)]
  0x0000028ada6081d0 JavaThread "C1 CompilerThread0" daemon [_thread_blocked, id=5708, stack(0x000000cc6f700000,0x000000cc6f800000)]
  0x0000028ada64e8d0 JavaThread "Sweeper thread" daemon [_thread_blocked, id=7556, stack(0x000000cc6f800000,0x000000cc6f900000)]
  0x0000028ade94f010 JavaThread "Notification Thread" daemon [_thread_blocked, id=8820, stack(0x000000cc6f900000,0x000000cc6fa00000)]
  0x0000028ade95fc60 JavaThread "Common-Cleaner" daemon [_thread_blocked, id=3236, stack(0x000000cc6fb00000,0x000000cc6fc00000)]

Other Threads:
  0x0000028ada5ab630 VMThread "VM Thread" [stack: 0x000000cc6ef00000,0x000000cc6f000000] [id=5908]
  0x0000028ade9518f0 WatcherThread "VM Periodic Task Thread" [stack: 0x000000cc6fa00000,0x000000cc6fb00000] [id=9116]
  0x0000028abf6f9ca0 WorkerThread "GC Thread#0" [stack: 0x000000cc6ea00000,0x000000cc6eb00000] [id=8304]
  0x0000028adeb68900 WorkerThread "GC Thread#1" [stack: 0x000000cc6fc00000,0x000000cc6fd00000] [id=1048]
  0x0000028abf702910 ConcurrentGCThread "G1 Main Marker" [stack: 0x000000cc6eb00000,0x000000cc6ec00000] [id=10880]
  0x0000028abf7043e0 WorkerThread "G1 Conc#0" [stack: 0x000000cc6ec00000,0x000000cc6ed00000] [id=9808]
  0x0000028abf7244f0 ConcurrentGCThread "G1 Refine#0" [stack: 0x000000cc6ed00000,0x000000cc6ee00000] [id=9404]
  0x0000028abf724e00 ConcurrentGCThread "G1 Service" [stack: 0x000000cc6ee00000,0x000000cc6ef00000] [id=7956]

Threads with active compile tasks:
C2 CompilerThread0     8387 1925       4       com.google.inject.internal.MoreTypes::canonicalize (148 bytes)

VM state: not at safepoint (normal execution)

VM Mutex/Monitor currently owned by a thread: None

Heap address: 0x00000000c1600000, size: 1002 MB, Compressed Oops mode: 32-bit

CDS archive(s) not mapped
Compressed class space mapped at: 0x0000000100000000-0x0000000140000000, reserved size: 1073741824
Narrow klass base: 0x0000000000000000, Narrow klass shift: 3, Narrow klass range: 0x140000000

GC Precious Log:
 CardTable entry size: 512
 Card Set container configuration: InlinePtr #cards 5 size 8 Array Of Cards #cards 12 size 40 Howl #buckets 4 coarsen threshold 1843 Howl Bitmap #cards 512 size 80 coarsen threshold 460 Card regions per heap region 1 cards per card region 2048
 CPUs: 2 total, 2 available
 Memory: 4000M
 Large Page Support: Disabled
 NUMA Support: Disabled
 Compressed Oops: Enabled (32-bit)
 Heap Region Size: 1M
 Heap Min Capacity: 8M
 Heap Initial Capacity: 64M
 Heap Max Capacity: 1002M
 Pre-touch: Disabled
 Parallel Workers: 2
 Concurrent Workers: 1
 Concurrent Refinement Workers: 2
 Periodic GC: Disabled

Heap:
 garbage-first heap   total 65536K, used 5929K [0x00000000c1600000, 0x0000000100000000)
  region size 1024K, 5 young (5120K), 4 survivors (4096K)
 Metaspace       used 18615K, committed 18880K, reserved 1114112K
  class space    used 1950K, committed 2112K, reserved 1048576K

Heap Regions: E=young(eden), S=young(survivor), O=old, HS=humongous(starts), HC=humongous(continues), CS=collection set, F=free, OA=open archive, CA=closed archive, TAMS=top-at-mark-start (previous, next)
|   0|0x00000000c1600000, 0x00000000c1700000, 0x00000000c1700000|100%| O|  |TAMS 0x00000000c1600000, 0x00000000c1600000| Untracked 
|   1|0x00000000c1700000, 0x00000000c1800000, 0x00000000c1800000|100%| O|  |TAMS 0x00000000c1700000, 0x00000000c1700000| Untracked 
|   2|0x00000000c1800000, 0x00000000c183a000, 0x00000000c1900000| 22%| O|  |TAMS 0x00000000c1800000, 0x00000000c1800000| Untracked 
|   3|0x00000000c1900000, 0x00000000c1900000, 0x00000000c1a00000|  0%| F|  |TAMS 0x00000000c1900000, 0x00000000c1900000| Untracked 
|   4|0x00000000c1a00000, 0x00000000c1a00000, 0x00000000c1b00000|  0%| F|  |TAMS 0x00000000c1a00000, 0x00000000c1a00000| Untracked 
|   5|0x00000000c1b00000, 0x00000000c1b00000, 0x00000000c1c00000|  0%| F|  |TAMS 0x00000000c1b00000, 0x00000000c1b00000| Untracked 
|   6|0x00000000c1c00000, 0x00000000c1c00000, 0x00000000c1d00000|  0%| F|  |TAMS 0x00000000c1c00000, 0x00000000c1c00000| Untracked 
|   7|0x00000000c1d00000, 0x00000000c1d00000, 0x00000000c1e00000|  0%| F|  |TAMS 0x00000000c1d00000, 0x00000000c1d00000| Untracked 
|   8|0x00000000c1e00000, 0x00000000c1e00000, 0x00000000c1f00000|  0%| F|  |TAMS 0x00000000c1e00000, 0x00000000c1e00000| Untracked 
|   9|0x00000000c1f00000, 0x00000000c1f00000, 0x00000000c2000000|  0%| F|  |TAMS 0x00000000c1f00000, 0x00000000c1f00000| Untracked 
|  10|0x00000000c2000000, 0x00000000c2000000, 0x00000000c2100000|  0%| F|  |TAMS 0x00000000c2000000, 0x00000000c2000000| Untracked 
|  11|0x00000000c2100000, 0x00000000c2100000, 0x00000000c2200000|  0%| F|  |TAMS 0x00000000c2100000, 0x00000000c2100000| Untracked 
|  12|0x00000000c2200000, 0x00000000c2200000, 0x00000000c2300000|  0%| F|  |TAMS 0x00000000c2200000, 0x00000000c2200000| Untracked 
|  13|0x00000000c2300000, 0x00000000c2300000, 0x00000000c2400000|  0%| F|  |TAMS 0x00000000c2300000, 0x00000000c2300000| Untracked 
|  14|0x00000000c2400000, 0x00000000c2400000, 0x00000000c2500000|  0%| F|  |TAMS 0x00000000c2400000, 0x00000000c2400000| Untracked 
|  15|0x00000000c2500000, 0x00000000c2500000, 0x00000000c2600000|  0%| F|  |TAMS 0x00000000c2500000, 0x00000000c2500000| Untracked 
|  16|0x00000000c2600000, 0x00000000c2600000, 0x00000000c2700000|  0%| F|  |TAMS 0x00000000c2600000, 0x00000000c2600000| Untracked 
|  17|0x00000000c2700000, 0x00000000c2700000, 0x00000000c2800000|  0%| F|  |TAMS 0x00000000c2700000, 0x00000000c2700000| Untracked 
|  18|0x00000000c2800000, 0x00000000c2800000, 0x00000000c2900000|  0%| F|  |TAMS 0x00000000c2800000, 0x00000000c2800000| Untracked 
|  19|0x00000000c2900000, 0x00000000c2900000, 0x00000000c2a00000|  0%| F|  |TAMS 0x00000000c2900000, 0x00000000c2900000| Untracked 
|  20|0x00000000c2a00000, 0x00000000c2a00000, 0x00000000c2b00000|  0%| F|  |TAMS 0x00000000c2a00000, 0x00000000c2a00000| Untracked 
|  21|0x00000000c2b00000, 0x00000000c2b00000, 0x00000000c2c00000|  0%| F|  |TAMS 0x00000000c2b00000, 0x00000000c2b00000| Untracked 
|  22|0x00000000c2c00000, 0x00000000c2c90490, 0x00000000c2d00000| 56%| S|CS|TAMS 0x00000000c2c00000, 0x00000000c2c00000| Complete 
|  23|0x00000000c2d00000, 0x00000000c2e00000, 0x00000000c2e00000|100%| S|CS|TAMS 0x00000000c2d00000, 0x00000000c2d00000| Complete 
|  24|0x00000000c2e00000, 0x00000000c2f00000, 0x00000000c2f00000|100%| S|CS|TAMS 0x00000000c2e00000, 0x00000000c2e00000| Complete 
|  25|0x00000000c2f00000, 0x00000000c3000000, 0x00000000c3000000|100%| S|CS|TAMS 0x00000000c2f00000, 0x00000000c2f00000| Complete 
|  26|0x00000000c3000000, 0x00000000c3000000, 0x00000000c3100000|  0%| F|  |TAMS 0x00000000c3000000, 0x00000000c3000000| Untracked 
|  27|0x00000000c3100000, 0x00000000c3100000, 0x00000000c3200000|  0%| F|  |TAMS 0x00000000c3100000, 0x00000000c3100000| Untracked 
|  28|0x00000000c3200000, 0x00000000c3200000, 0x00000000c3300000|  0%| F|  |TAMS 0x00000000c3200000, 0x00000000c3200000| Untracked 
|  29|0x00000000c3300000, 0x00000000c3300000, 0x00000000c3400000|  0%| F|  |TAMS 0x00000000c3300000, 0x00000000c3300000| Untracked 
|  30|0x00000000c3400000, 0x00000000c3400000, 0x00000000c3500000|  0%| F|  |TAMS 0x00000000c3400000, 0x00000000c3400000| Untracked 
|  31|0x00000000c3500000, 0x00000000c3500000, 0x00000000c3600000|  0%| F|  |TAMS 0x00000000c3500000, 0x00000000c3500000| Untracked 
|  32|0x00000000c3600000, 0x00000000c3600000, 0x00000000c3700000|  0%| F|  |TAMS 0x00000000c3600000, 0x00000000c3600000| Untracked 
|  33|0x00000000c3700000, 0x00000000c3700000, 0x00000000c3800000|  0%| F|  |TAMS 0x00000000c3700000, 0x00000000c3700000| Untracked 
|  34|0x00000000c3800000, 0x00000000c3800000, 0x00000000c3900000|  0%| F|  |TAMS 0x00000000c3800000, 0x00000000c3800000| Untracked 
|  35|0x00000000c3900000, 0x00000000c3900000, 0x00000000c3a00000|  0%| F|  |TAMS 0x00000000c3900000, 0x00000000c3900000| Untracked 
|  36|0x00000000c3a00000, 0x00000000c3a00000, 0x00000000c3b00000|  0%| F|  |TAMS 0x00000000c3a00000, 0x00000000c3a00000| Untracked 
|  37|0x00000000c3b00000, 0x00000000c3b00000, 0x00000000c3c00000|  0%| F|  |TAMS 0x00000000c3b00000, 0x00000000c3b00000| Untracked 
|  38|0x00000000c3c00000, 0x00000000c3c00000, 0x00000000c3d00000|  0%| F|  |TAMS 0x00000000c3c00000, 0x00000000c3c00000| Untracked 
|  39|0x00000000c3d00000, 0x00000000c3d00000, 0x00000000c3e00000|  0%| F|  |TAMS 0x00000000c3d00000, 0x00000000c3d00000| Untracked 
|  40|0x00000000c3e00000, 0x00000000c3e00000, 0x00000000c3f00000|  0%| F|  |TAMS 0x00000000c3e00000, 0x00000000c3e00000| Untracked 
|  41|0x00000000c3f00000, 0x00000000c3f00000, 0x00000000c4000000|  0%| F|  |TAMS 0x00000000c3f00000, 0x00000000c3f00000| Untracked 
|  42|0x00000000c4000000, 0x00000000c4000000, 0x00000000c4100000|  0%| F|  |TAMS 0x00000000c4000000, 0x00000000c4000000| Untracked 
|  43|0x00000000c4100000, 0x00000000c4100000, 0x00000000c4200000|  0%| F|  |TAMS 0x00000000c4100000, 0x00000000c4100000| Untracked 
|  44|0x00000000c4200000, 0x00000000c4200000, 0x00000000c4300000|  0%| F|  |TAMS 0x00000000c4200000, 0x00000000c4200000| Untracked 
|  45|0x00000000c4300000, 0x00000000c4300000, 0x00000000c4400000|  0%| F|  |TAMS 0x00000000c4300000, 0x00000000c4300000| Untracked 
|  46|0x00000000c4400000, 0x00000000c4400000, 0x00000000c4500000|  0%| F|  |TAMS 0x00000000c4400000, 0x00000000c4400000| Untracked 
|  47|0x00000000c4500000, 0x00000000c4500000, 0x00000000c4600000|  0%| F|  |TAMS 0x00000000c4500000, 0x00000000c4500000| Untracked 
|  48|0x00000000c4600000, 0x00000000c4600000, 0x00000000c4700000|  0%| F|  |TAMS 0x00000000c4600000, 0x00000000c4600000| Untracked 
|  49|0x00000000c4700000, 0x00000000c4700000, 0x00000000c4800000|  0%| F|  |TAMS 0x00000000c4700000, 0x00000000c4700000| Untracked 
|  50|0x00000000c4800000, 0x00000000c4800000, 0x00000000c4900000|  0%| F|  |TAMS 0x00000000c4800000, 0x00000000c4800000| Untracked 
|  51|0x00000000c4900000, 0x00000000c4900000, 0x00000000c4a00000|  0%| F|  |TAMS 0x00000000c4900000, 0x00000000c4900000| Untracked 
|  52|0x00000000c4a00000, 0x00000000c4a00000, 0x00000000c4b00000|  0%| F|  |TAMS 0x00000000c4a00000, 0x00000000c4a00000| Untracked 
|  53|0x00000000c4b00000, 0x00000000c4b00000, 0x00000000c4c00000|  0%| F|  |TAMS 0x00000000c4b00000, 0x00000000c4b00000| Untracked 
|  54|0x00000000c4c00000, 0x00000000c4c00000, 0x00000000c4d00000|  0%| F|  |TAMS 0x00000000c4c00000, 0x00000000c4c00000| Untracked 
|  55|0x00000000c4d00000, 0x00000000c4d00000, 0x00000000c4e00000|  0%| F|  |TAMS 0x00000000c4d00000, 0x00000000c4d00000| Untracked 
|  56|0x00000000c4e00000, 0x00000000c4e00000, 0x00000000c4f00000|  0%| F|  |TAMS 0x00000000c4e00000, 0x00000000c4e00000| Untracked 
|  57|0x00000000c4f00000, 0x00000000c4f00000, 0x00000000c5000000|  0%| F|  |TAMS 0x00000000c4f00000, 0x00000000c4f00000| Untracked 
|  58|0x00000000c5000000, 0x00000000c5000000, 0x00000000c5100000|  0%| F|  |TAMS 0x00000000c5000000, 0x00000000c5000000| Untracked 
|  59|0x00000000c5100000, 0x00000000c5100000, 0x00000000c5200000|  0%| F|  |TAMS 0x00000000c5100000, 0x00000000c5100000| Untracked 
|  60|0x00000000c5200000, 0x00000000c5200000, 0x00000000c5300000|  0%| F|  |TAMS 0x00000000c5200000, 0x00000000c5200000| Untracked 
|  61|0x00000000c5300000, 0x00000000c5300000, 0x00000000c5400000|  0%| F|  |TAMS 0x00000000c5300000, 0x00000000c5300000| Untracked 
|  62|0x00000000c5400000, 0x00000000c5400000, 0x00000000c5500000|  0%| F|  |TAMS 0x00000000c5400000, 0x00000000c5400000| Untracked 
|  63|0x00000000c5500000, 0x00000000c5600000, 0x00000000c5600000|100%| E|  |TAMS 0x00000000c5500000, 0x00000000c5500000| Complete 

Card table byte_map: [0x0000028ad5fe0000,0x0000028ad61e0000] _byte_map_base: 0x0000028ad59d5000

Marking Bits (Prev, Next): (CMBitMap*) 0x0000028abf6fa2a0, (CMBitMap*) 0x0000028abf6fa2e0
 Prev Bits: [0x0000028ad63e0000, 0x0000028ad7388000)
 Next Bits: [0x0000028ad7390000, 0x0000028ad8338000)

Polling page: 0x0000028abd540000

Metaspace:

Usage:
  Non-class:     16.28 MB used.
      Class:      1.91 MB used.
       Both:     18.18 MB used.

Virtual space:
  Non-class space:       64.00 MB reserved,      16.38 MB ( 26%) committed,  1 nodes.
      Class space:        1.00 GB reserved,       2.06 MB ( <1%) committed,  1 nodes.
             Both:        1.06 GB reserved,      18.44 MB (  2%) committed. 

Chunk freelists:
   Non-Class:  2.72 MB
       Class:  1.87 MB
        Both:  4.59 MB

MaxMetaspaceSize: unlimited
CompressedClassSpaceSize: 1.00 GB
Initial GC threshold: 21.00 MB
Current GC threshold: 21.00 MB
CDS: off
MetaspaceReclaimPolicy: balanced
 - commit_granule_bytes: 65536.
 - commit_granule_words: 8192.
 - virtual_space_node_default_size: 8388608.
 - enlarge_chunks_in_place: 1.
 - new_chunks_are_fully_committed: 0.
 - uncommit_free_chunks: 1.
 - use_allocation_guard: 0.


Internal statistics:

num_allocs_failed_limit: 0.
num_arena_births: 94.
num_arena_deaths: 0.
num_vsnodes_births: 2.
num_vsnodes_deaths: 0.
num_space_committed: 295.
num_space_uncommitted: 0.
num_chunks_returned_to_freelist: 0.
num_chunks_taken_from_freelist: 442.
num_chunk_merges: 0.
num_chunk_splits: 317.
num_chunks_enlarged: 263.
num_inconsistent_stats: 0.

CodeHeap 'non-profiled nmethods': size=120064Kb used=602Kb max_used=602Kb free=119461Kb
 bounds [0x0000028aceaa0000, 0x0000028aced10000, 0x0000028ad5fe0000]
CodeHeap 'profiled nmethods': size=120000Kb used=3828Kb max_used=3828Kb free=116171Kb
 bounds [0x0000028ac7570000, 0x0000028ac7930000, 0x0000028aceaa0000]
CodeHeap 'non-nmethods': size=5696Kb used=1173Kb max_used=1187Kb free=4522Kb
 bounds [0x0000028ac6fe0000, 0x0000028ac7250000, 0x0000028ac7570000]
 total_blobs=2440 nmethods=1986 adapters=367
 compilation: enabled
              stopped_count=0, restarted_count=0
 full_count=0

Compilation events (20 events):
Event: 8.201 Thread 0x0000028ada6081d0 nmethod 1924 0x0000028ac790f990 code [0x0000028ac790fb20, 0x0000028ac790fc58]
Event: 8.202 Thread 0x0000028ada6041b0 1925       4       com.google.inject.internal.MoreTypes::canonicalize (148 bytes)
Event: 8.205 Thread 0x0000028ada6081d0 1926       3       com.google.inject.internal.InternalContext::pushState (7 bytes)
Event: 8.206 Thread 0x0000028ada6081d0 nmethod 1926 0x0000028ac790fd10 code [0x0000028ac790fea0, 0x0000028ac790ffe8]
Event: 8.211 Thread 0x0000028ada6081d0 1927       3       jdk.internal.org.objectweb.asm.Type::<init> (26 bytes)
Event: 8.211 Thread 0x0000028ada6081d0 nmethod 1927 0x0000028ac7910090 code [0x0000028ac7910220, 0x0000028ac79103f8]
Event: 8.214 Thread 0x0000028ada6081d0 1928       3       java.lang.invoke.LambdaFormEditor$TransformKey::inRange (36 bytes)
Event: 8.215 Thread 0x0000028ada6081d0 nmethod 1928 0x0000028ac7910490 code [0x0000028ac7910620, 0x0000028ac7910778]
Event: 8.215 Thread 0x0000028ada6081d0 1929       3       java.lang.invoke.LambdaFormEditor$TransformKey::<init> (15 bytes)
Event: 8.215 Thread 0x0000028ada6081d0 nmethod 1929 0x0000028ac7910810 code [0x0000028ac79109a0, 0x0000028ac7910b38]
Event: 8.215 Thread 0x0000028ada6081d0 1930       3       java.lang.invoke.LambdaFormEditor::getInCache (165 bytes)
Event: 8.217 Thread 0x0000028ada6081d0 nmethod 1930 0x0000028ac7910c10 code [0x0000028ac7910e80, 0x0000028ac7911cf8]
Event: 8.219 Thread 0x0000028ada6081d0 1931       3       java.lang.invoke.LambdaForm$NamedFunction::methodType (23 bytes)
Event: 8.219 Thread 0x0000028ada6081d0 nmethod 1931 0x0000028ac7912090 code [0x0000028ac7912240, 0x0000028ac7912488]
Event: 8.219 Thread 0x0000028ada6081d0 1932       3       java.lang.invoke.LambdaForm$Name::<init> (44 bytes)
Event: 8.221 Thread 0x0000028ada6081d0 nmethod 1932 0x0000028ac7912590 code [0x0000028ac79127a0, 0x0000028ac7912d68]
Event: 8.221 Thread 0x0000028ada6081d0 1933       3       java.lang.invoke.InvokerBytecodeGenerator::emitImplicitConversion (161 bytes)
Event: 8.226 Thread 0x0000028ada6081d0 nmethod 1933 0x0000028ac7913090 code [0x0000028ac79133a0, 0x0000028ac7914218]
Event: 8.228 Thread 0x0000028ada6081d0 1934       3       java.util.Arrays::equals (43 bytes)
Event: 8.229 Thread 0x0000028ada6081d0 nmethod 1934 0x0000028ac7914710 code [0x0000028ac79148e0, 0x0000028ac7914bc8]

GC Heap History (6 events):
Event: 2.438 GC heap before
{Heap before GC invocations=0 (full 0):
 garbage-first heap   total 65536K, used 6144K [0x00000000c1600000, 0x0000000100000000)
  region size 1024K, 6 young (6144K), 0 survivors (0K)
 Metaspace       used 8706K, committed 8896K, reserved 1114112K
  class space    used 730K, committed 832K, reserved 1048576K
}
Event: 2.449 GC heap after
{Heap after GC invocations=1 (full 0):
 garbage-first heap   total 65536K, used 2184K [0x00000000c1600000, 0x0000000100000000)
  region size 1024K, 1 young (1024K), 1 survivors (1024K)
 Metaspace       used 8706K, committed 8896K, reserved 1114112K
  class space    used 730K, committed 832K, reserved 1048576K
}
Event: 3.243 GC heap before
{Heap before GC invocations=1 (full 0):
 garbage-first heap   total 65536K, used 6280K [0x00000000c1600000, 0x0000000100000000)
  region size 1024K, 5 young (5120K), 1 survivors (1024K)
 Metaspace       used 10683K, committed 10944K, reserved 1114112K
  class space    used 929K, committed 1088K, reserved 1048576K
}
Event: 3.253 GC heap after
{Heap after GC invocations=2 (full 0):
 garbage-first heap   total 65536K, used 3304K [0x00000000c1600000, 0x0000000100000000)
  region size 1024K, 1 young (1024K), 1 survivors (1024K)
 Metaspace       used 10683K, committed 10944K, reserved 1114112K
  class space    used 929K, committed 1088K, reserved 1048576K
}
Event: 4.513 GC heap before
{Heap before GC invocations=2 (full 0):
 garbage-first heap   total 65536K, used 12520K [0x00000000c1600000, 0x0000000100000000)
  region size 1024K, 10 young (10240K), 1 survivors (1024K)
 Metaspace       used 13309K, committed 13504K, reserved 1114112K
  class space    used 1274K, committed 1344K, reserved 1048576K
}
Event: 4.523 GC heap after
{Heap after GC invocations=3 (full 0):
 garbage-first heap   total 65536K, used 3852K [0x00000000c1600000, 0x0000000100000000)
  region size 1024K, 2 young (2048K), 2 survivors (2048K)
 Metaspace       used 13309K, committed 13504K, reserved 1114112K
  class space    used 1274K, committed 1344K, reserved 1048576K
}

Deoptimization events (20 events):
Event: 4.927 Thread 0x0000028abf6b96c0 DEOPT PACKING pc=0x0000028aceae0470 sp=0x000000cc6e9fdae0
Event: 4.927 Thread 0x0000028abf6b96c0 DEOPT UNPACKING pc=0x0000028ac703239d sp=0x000000cc6e9fda70 mode 2
Event: 5.021 Thread 0x0000028abf6b96c0 Uncommon trap: trap_request=0xffffffc6 fr.pc=0x0000028aceae042c relative=0x00000000000007ac
Event: 5.021 Thread 0x0000028abf6b96c0 Uncommon trap: reason=bimorphic_or_optimized_type_check action=maybe_recompile pc=0x0000028aceae042c method=java.util.HashMap.putVal(ILjava/lang/Object;Ljava/lang/Object;ZZ)Ljava/lang/Object; @ 91 c2
Event: 5.021 Thread 0x0000028abf6b96c0 DEOPT PACKING pc=0x0000028aceae042c sp=0x000000cc6e9fd570
Event: 5.021 Thread 0x0000028abf6b96c0 DEOPT UNPACKING pc=0x0000028ac703239d sp=0x000000cc6e9fd500 mode 2
Event: 5.346 Thread 0x0000028abf6b96c0 Uncommon trap: trap_request=0xffffff45 fr.pc=0x0000028aceb053f0 relative=0x0000000000000450
Event: 5.346 Thread 0x0000028abf6b96c0 Uncommon trap: reason=unstable_if action=reinterpret pc=0x0000028aceb053f0 method=java.lang.String.<init>([CIILjava/lang/Void;)V @ 5 c2
Event: 5.346 Thread 0x0000028abf6b96c0 DEOPT PACKING pc=0x0000028aceb053f0 sp=0x000000cc6e9fdb60
Event: 5.346 Thread 0x0000028abf6b96c0 DEOPT UNPACKING pc=0x0000028ac703239d sp=0x000000cc6e9fd9f8 mode 2
Event: 5.508 Thread 0x0000028abf6b96c0 Uncommon trap: trap_request=0xffffff45 fr.pc=0x0000028aceb0310c relative=0x00000000000002ec
Event: 5.508 Thread 0x0000028abf6b96c0 Uncommon trap: reason=unstable_if action=reinterpret pc=0x0000028aceb0310c method=java.lang.String.<init>([CIILjava/lang/Void;)V @ 5 c2
Event: 5.508 Thread 0x0000028abf6b96c0 DEOPT PACKING pc=0x0000028aceb0310c sp=0x000000cc6e9fda30
Event: 5.508 Thread 0x0000028abf6b96c0 DEOPT UNPACKING pc=0x0000028ac703239d sp=0x000000cc6e9fd9f0 mode 2
Event: 5.522 Thread 0x0000028abf6b96c0 DEOPT PACKING pc=0x0000028ac77d7c89 sp=0x000000cc6e9fdc40
Event: 5.522 Thread 0x0000028abf6b96c0 DEOPT UNPACKING pc=0x0000028ac7032b24 sp=0x000000cc6e9fd098 mode 0
Event: 8.096 Thread 0x0000028abf6b96c0 Uncommon trap: trap_request=0xffffff45 fr.pc=0x0000028aceb211b8 relative=0x0000000000000198
Event: 8.096 Thread 0x0000028abf6b96c0 Uncommon trap: reason=unstable_if action=reinterpret pc=0x0000028aceb211b8 method=java.util.WeakHashMap.expungeStaleEntries()V @ 9 c2
Event: 8.096 Thread 0x0000028abf6b96c0 DEOPT PACKING pc=0x0000028aceb211b8 sp=0x000000cc6e9fe590
Event: 8.096 Thread 0x0000028abf6b96c0 DEOPT UNPACKING pc=0x0000028ac703239d sp=0x000000cc6e9fe528 mode 2

Classes loaded (20 events):
Event: 6.624 Loading class java/lang/invoke/MethodHandle$1 done
Event: 6.818 Loading class java/util/concurrent/atomic/AtomicBoolean
Event: 6.823 Loading class java/util/concurrent/atomic/AtomicBoolean done
Event: 7.042 Loading class sun/reflect/generics/repository/FieldRepository
Event: 7.043 Loading class sun/reflect/generics/repository/FieldRepository done
Event: 7.782 Loading class sun/reflect/generics/scope/MethodScope
Event: 7.783 Loading class sun/reflect/generics/scope/MethodScope done
Event: 7.783 Loading class sun/reflect/generics/repository/MethodRepository
Event: 7.783 Loading class sun/reflect/generics/repository/MethodRepository done
Event: 7.926 Loading class java/util/ConcurrentModificationException
Event: 7.929 Loading class java/util/ConcurrentModificationException done
Event: 8.070 Loading class java/lang/ClassFormatError
Event: 8.070 Loading class java/lang/ClassFormatError done
Event: 8.088 Loading class java/lang/invoke/VarHandleInts$FieldInstanceReadWrite
Event: 8.092 Loading class java/lang/invoke/VarHandleInts$FieldInstanceReadOnly
Event: 8.092 Loading class java/lang/invoke/VarHandleInts$FieldInstanceReadOnly done
Event: 8.092 Loading class java/lang/invoke/VarHandleInts$FieldInstanceReadWrite done
Event: 8.169 Loading class java/util/regex/Pattern$Curly
Event: 8.172 Loading class java/util/regex/Pattern$Curly done
Event: 8.228 Loading class java/lang/invoke/BoundMethodHandle$Species_LLLLL

Classes unloaded (0 events):
No events

Classes redefined (0 events):
No events

Internal exceptions (16 events):
Event: 1.347 Thread 0x0000028abf6b96c0 Exception <a 'java/lang/NoSuchMethodError'{0x00000000c530f710}: 'void java.lang.invoke.DirectMethodHandle$Holder.invokeStatic(java.lang.Object, java.lang.Object)'> (0x00000000c530f710) 
thrown [s\open\src\hotspot\share\interpreter\linkResolver.cpp, line 759]
Event: 1.352 Thread 0x0000028abf6b96c0 Exception <a 'java/lang/NoSuchMethodError'{0x00000000c5313418}: 'void java.lang.invoke.DirectMethodHandle$Holder.invokeSpecial(java.lang.Object, java.lang.Object, java.lang.Object)'> (0x00000000c5313418) 
thrown [s\open\src\hotspot\share\interpreter\linkResolver.cpp, line 759]
Event: 1.695 Thread 0x0000028abf6b96c0 Exception <a 'java/lang/NoSuchMethodError'{0x00000000c52fbbd0}: 'java.lang.Object java.lang.invoke.Invokers$Holder.invokeExact_MT(java.lang.Object, java.lang.Object, java.lang.Object, java.lang.Object, java.lang.Object)'> (0x00000000c52fbbd0) 
thrown [s\open\src\hotspot\share\interpreter\linkResolver.cpp, line 759]
Event: 1.733 Thread 0x0000028abf6b96c0 Exception <a 'java/lang/NullPointerException'{0x00000000c51531d8}> (0x00000000c51531d8) 
thrown [s\open\src\hotspot\share\interpreter\linkResolver.cpp, line 1350]
Event: 2.078 Thread 0x0000028abf6b96c0 Exception <a 'java/lang/NullPointerException'{0x00000000c518ec20}> (0x00000000c518ec20) 
thrown [s\open\src\hotspot\share\interpreter\linkResolver.cpp, line 1350]
Event: 2.078 Thread 0x0000028abf6b96c0 Exception <a 'java/lang/NullPointerException'{0x00000000c518eef8}> (0x00000000c518eef8) 
thrown [s\open\src\hotspot\share\interpreter\linkResolver.cpp, line 1350]
Event: 2.078 Thread 0x0000028abf6b96c0 Exception <a 'java/lang/NullPointerException'{0x00000000c518f1d0}> (0x00000000c518f1d0) 
thrown [s\open\src\hotspot\share\interpreter\linkResolver.cpp, line 1350]
Event: 2.086 Thread 0x0000028abf6b96c0 Exception <a 'java/lang/NullPointerException'{0x00000000c5194e18}> (0x00000000c5194e18) 
thrown [s\open\src\hotspot\share\interpreter\linkResolver.cpp, line 1350]
Event: 2.097 Thread 0x0000028abf6b96c0 Exception <a 'java/lang/NullPointerException'{0x00000000c51a6a70}> (0x00000000c51a6a70) 
thrown [s\open\src\hotspot\share\interpreter\linkResolver.cpp, line 1350]
Event: 2.097 Thread 0x0000028abf6b96c0 Exception <a 'java/lang/NullPointerException'{0x00000000c51a6d48}> (0x00000000c51a6d48) 
thrown [s\open\src\hotspot\share\interpreter\linkResolver.cpp, line 1350]
Event: 2.097 Thread 0x0000028abf6b96c0 Exception <a 'java/lang/NullPointerException'{0x00000000c51a7020}> (0x00000000c51a7020) 
thrown [s\open\src\hotspot\share\interpreter\linkResolver.cpp, line 1350]
Event: 2.097 Thread 0x0000028abf6b96c0 Exception <a 'java/lang/NullPointerException'{0x00000000c51a72f8}> (0x00000000c51a72f8) 
thrown [s\open\src\hotspot\share\interpreter\linkResolver.cpp, line 1350]
Event: 4.039 Thread 0x0000028abf6b96c0 Exception <a 'java/lang/NoSuchMethodError'{0x00000000c4f5bcf0}: 'java.lang.Object java.lang.invoke.DirectMethodHandle$Holder.newInvokeSpecial(java.lang.Object, java.lang.Object, java.lang.Object, java.lang.Object, java.lang.Object)'> (0x00000000c4f5bcf0) 
thrown [s\open\src\hotspot\share\interpreter\linkResolver.cpp, line 759]
Event: 4.277 Thread 0x0000028abf6b96c0 Exception <a 'java/lang/NoClassDefFoundError'{0x00000000c4edfe68}: javax/enterprise/inject/Typed> (0x00000000c4edfe68) 
thrown [s\open\src\hotspot\share\classfile\systemDictionary.cpp, line 244]
Event: 7.986 Thread 0x0000028abf6b96c0 Exception <a 'java/lang/NoSuchMethodError'{0x00000000c3160190}: 'void java.lang.invoke.Invokers$Holder.invokeExact_MT(java.lang.Object, java.lang.Object, java.lang.Object, java.lang.Object)'> (0x00000000c3160190) 
thrown [s\open\src\hotspot\share\interpreter\linkResolver.cpp, line 759]
Event: 8.070 Thread 0x0000028abf6b96c0 Exception <a 'java/lang/NoClassDefFoundError'{0x00000000c31f7408}: com/google/inject/servlet/ServletModuleTargetVisitor> (0x00000000c31f7408) 
thrown [s\open\src\hotspot\share\classfile\systemDictionary.cpp, line 244]

VM Operations (20 events):
Event: 3.243 Executing VM operation: G1CollectForAllocation
Event: 3.253 Executing VM operation: G1CollectForAllocation done
Event: 4.255 Executing VM operation: Cleanup
Event: 4.256 Executing VM operation: Cleanup done
Event: 4.513 Executing VM operation: G1CollectForAllocation
Event: 4.523 Executing VM operation: G1CollectForAllocation done
Event: 5.757 Executing VM operation: HandshakeAllThreads
Event: 5.757 Executing VM operation: HandshakeAllThreads done
Event: 5.757 Executing VM operation: Cleanup
Event: 5.757 Executing VM operation: Cleanup done
Event: 6.400 Executing VM operation: HandshakeAllThreads
Event: 6.400 Executing VM operation: HandshakeAllThreads done
Event: 7.400 Executing VM operation: Cleanup
Event: 7.400 Executing VM operation: Cleanup done
Event: 7.549 Executing VM operation: HandshakeAllThreads
Event: 7.549 Executing VM operation: HandshakeAllThreads done
Event: 7.555 Executing VM operation: HandshakeAllThreads
Event: 7.555 Executing VM operation: HandshakeAllThreads done
Event: 7.961 Executing VM operation: HandshakeAllThreads
Event: 7.961 Executing VM operation: HandshakeAllThreads done

Events (20 events):
Event: 0.026 Loaded shared library C:\Program Files\Java\jdk-18.0.2\bin\java.dll
Event: 0.174 Loaded shared library C:\Program Files\Java\jdk-18.0.2\bin\jsvml.dll
Event: 0.175 Thread 0x0000028abf6b96c0 Thread added: 0x0000028abf6b96c0
Event: 0.209 Thread 0x0000028ada5c8290 Thread added: 0x0000028ada5c8290
Event: 0.210 Thread 0x0000028ada5c9170 Thread added: 0x0000028ada5c9170
Event: 0.312 Thread 0x0000028ada5fe6a0 Thread added: 0x0000028ada5fe6a0
Event: 0.313 Thread 0x0000028ada5ff040 Thread added: 0x0000028ada5ff040
Event: 0.313 Thread 0x0000028ada5ff9e0 Thread added: 0x0000028ada5ff9e0
Event: 0.313 Thread 0x0000028ada601390 Thread added: 0x0000028ada601390
Event: 0.313 Thread 0x0000028ada6041b0 Thread added: 0x0000028ada6041b0
Event: 0.314 Thread 0x0000028ada6081d0 Thread added: 0x0000028ada6081d0
Event: 0.320 Thread 0x0000028ada64e8d0 Thread added: 0x0000028ada64e8d0
Event: 0.502 Thread 0x0000028ade94f010 Thread added: 0x0000028ade94f010
Event: 0.548 Thread 0x0000028ade95fc60 Thread added: 0x0000028ade95fc60
Event: 0.672 Loaded shared library C:\Program Files\Java\jdk-18.0.2\bin\net.dll
Event: 0.688 Loaded shared library C:\Program Files\Java\jdk-18.0.2\bin\nio.dll
Event: 0.743 Loaded shared library C:\Program Files\Java\jdk-18.0.2\bin\zip.dll
Event: 0.838 Loaded shared library C:\Program Files\Java\jdk-18.0.2\bin\jimage.dll
Event: 2.065 Loaded shared library C:\Users\Alumno\AppData\Local\Temp\jansi-2.4.0-928b415afe05b1b6-jansi.dll
Event: 2.131 Loaded shared library C:\Program Files\Java\jdk-18.0.2\bin\verify.dll


Dynamic libraries:
0x00007ff6e53c0000 - 0x00007ff6e53d0000 	C:\Program Files\Java\jdk-18.0.2\bin\java.exe
0x00007fff59f40000 - 0x00007fff5a130000 	C:\WINDOWS\SYSTEM32\ntdll.dll
0x00007fff47a00000 - 0x00007fff47a16000 	E:\avast\aswhook.dll
0x00007fff58130000 - 0x00007fff581e2000 	C:\WINDOWS\System32\KERNEL32.DLL
0x00007fff570e0000 - 0x00007fff57385000 	C:\WINDOWS\System32\KERNELBASE.dll
0x00007fff57ef0000 - 0x00007fff57fea000 	C:\WINDOWS\System32\ucrtbase.dll
0x00007fff3be70000 - 0x00007fff3be88000 	C:\Program Files\Java\jdk-18.0.2\bin\jli.dll
0x00007fff59cb0000 - 0x00007fff59d53000 	C:\WINDOWS\System32\ADVAPI32.dll
0x00007fff52640000 - 0x00007fff5265a000 	C:\Program Files\Java\jdk-18.0.2\bin\VCRUNTIME140.dll
0x00007fff59550000 - 0x00007fff595ee000 	C:\WINDOWS\System32\msvcrt.dll
0x00007fff59b40000 - 0x00007fff59bd7000 	C:\WINDOWS\System32\sechost.dll
0x00007fff58470000 - 0x00007fff58590000 	C:\WINDOWS\System32\RPCRT4.dll
0x00007fff59d60000 - 0x00007fff59ef4000 	C:\WINDOWS\System32\USER32.dll
0x00007fff57da0000 - 0x00007fff57dc1000 	C:\WINDOWS\System32\win32u.dll
0x00007fff59510000 - 0x00007fff59536000 	C:\WINDOWS\System32\GDI32.dll
0x00007fff56eb0000 - 0x00007fff57046000 	C:\WINDOWS\System32\gdi32full.dll
0x00007fff57dd0000 - 0x00007fff57e6e000 	C:\WINDOWS\System32\msvcp_win.dll
0x00007fff443e0000 - 0x00007fff44664000 	C:\WINDOWS\WinSxS\amd64_microsoft.windows.common-controls_6595b64144ccf1df_6.0.18362.1256_none_9e7e379be45e40e2\COMCTL32.dll
0x00007fff59790000 - 0x00007fff59ac6000 	C:\WINDOWS\System32\combase.dll
0x00007fff57050000 - 0x00007fff570d1000 	C:\WINDOWS\System32\bcryptPrimitives.dll
0x00007fff52d90000 - 0x00007fff52d9a000 	C:\WINDOWS\SYSTEM32\VERSION.dll
0x00007fff58920000 - 0x00007fff5894e000 	C:\WINDOWS\System32\IMM32.DLL
0x00007fff52630000 - 0x00007fff5263c000 	C:\Program Files\Java\jdk-18.0.2\bin\vcruntime140_1.dll
0x00007fff1cc20000 - 0x00007fff1ccad000 	C:\Program Files\Java\jdk-18.0.2\bin\msvcp140.dll
0x00007ffef9c70000 - 0x00007ffefa881000 	C:\Program Files\Java\jdk-18.0.2\bin\server\jvm.dll
0x00007fff59780000 - 0x00007fff59788000 	C:\WINDOWS\System32\PSAPI.DLL
0x00007fff55910000 - 0x00007fff55919000 	C:\WINDOWS\SYSTEM32\WSOCK32.dll
0x00007fff54430000 - 0x00007fff54454000 	C:\WINDOWS\SYSTEM32\WINMM.dll
0x00007fff59ad0000 - 0x00007fff59b3f000 	C:\WINDOWS\System32\WS2_32.dll
0x00007fff54220000 - 0x00007fff5424d000 	C:\WINDOWS\SYSTEM32\winmmbase.dll
0x00007fff57e70000 - 0x00007fff57eba000 	C:\WINDOWS\System32\cfgmgr32.dll
0x00007fff56e40000 - 0x00007fff56e51000 	C:\WINDOWS\System32\kernel.appcore.dll
0x00007fff50780000 - 0x00007fff5078a000 	C:\Program Files\Java\jdk-18.0.2\bin\jimage.dll
0x00007fff556a0000 - 0x00007fff55894000 	C:\WINDOWS\SYSTEM32\DBGHELP.DLL
0x00007fff4c710000 - 0x00007fff4c73a000 	C:\WINDOWS\SYSTEM32\dbgcore.DLL
0x00007fff525c0000 - 0x00007fff525e5000 	C:\Program Files\Java\jdk-18.0.2\bin\java.dll
0x00007fff45880000 - 0x00007fff45956000 	C:\Program Files\Java\jdk-18.0.2\bin\jsvml.dll
0x00007fff589b0000 - 0x00007fff59097000 	C:\WINDOWS\System32\SHELL32.dll
0x00007fff59670000 - 0x00007fff59719000 	C:\WINDOWS\System32\shcore.dll
0x00007fff57610000 - 0x00007fff57d91000 	C:\WINDOWS\System32\windows.storage.dll
0x00007fff56df0000 - 0x00007fff56e13000 	C:\WINDOWS\System32\profapi.dll
0x00007fff56e60000 - 0x00007fff56eaa000 	C:\WINDOWS\System32\powrprof.dll
0x00007fff56de0000 - 0x00007fff56df0000 	C:\WINDOWS\System32\UMPDC.dll
0x00007fff58950000 - 0x00007fff589a2000 	C:\WINDOWS\System32\shlwapi.dll
0x00007fff57590000 - 0x00007fff575a7000 	C:\WINDOWS\System32\cryptsp.dll
0x00007fff50760000 - 0x00007fff50773000 	C:\Program Files\Java\jdk-18.0.2\bin\net.dll
0x00007fff48ff0000 - 0x00007fff490e0000 	C:\WINDOWS\SYSTEM32\WINHTTP.dll
0x00007fff565d0000 - 0x00007fff56637000 	C:\WINDOWS\system32\mswsock.dll
0x00007fff45860000 - 0x00007fff45876000 	C:\Program Files\Java\jdk-18.0.2\bin\nio.dll
0x00007fff45840000 - 0x00007fff45858000 	C:\Program Files\Java\jdk-18.0.2\bin\zip.dll
0x0000000069ac0000 - 0x0000000069ae4000 	C:\Users\Alumno\AppData\Local\Temp\jansi-2.4.0-928b415afe05b1b6-jansi.dll
0x00007fff45830000 - 0x00007fff45840000 	C:\Program Files\Java\jdk-18.0.2\bin\verify.dll

dbghelp: loaded successfully - version: 4.0.5 - missing functions: none
symbol engine: initialized successfully - sym options: 0x614 - pdb path: .;C:\Program Files\Java\jdk-18.0.2\bin;C:\WINDOWS\SYSTEM32;E:\avast;C:\WINDOWS\WinSxS\amd64_microsoft.windows.common-controls_6595b64144ccf1df_6.0.18362.1256_none_9e7e379be45e40e2;C:\Program Files\Java\jdk-18.0.2\bin\server;C:\Users\Alumno\AppData\Local\Temp

VM Arguments:
jvm_args: -Dmaven.multiModuleProjectDirectory=D:\usuarios\alumno\documentos\GitHub\ProyectoIntegrador-ArgentinaPrograma-GastonMarenco\BackEnd 
java_command: org.apache.maven.wrapper.MavenWrapperMain -Dexec.vmArgs= -Dexec.args=${exec.vmArgs} -classpath %classpath ${exec.mainClass} ${exec.appArgs} -Dexec.executable=C:\Program Files\Java\jdk-18.0.2\bin\java.exe -Dexec.mainClass=com.portfolio.PortafilioAP.PortafilioApApplication -Dexec.classpathScope=runtime -Dexec.appArgs= -Dmaven.ext.class.path=D:\NetBeans-13\netbeans\java\maven-nblib\netbeans-eventspy.jar org.codehaus.mojo:exec-maven-plugin:3.0.0:exec
java_class_path (initial): D:\usuarios\alumno\documentos\GitHub\ProyectoIntegrador-ArgentinaPrograma-GastonMarenco\BackEnd\.mvn\wrapper\maven-wrapper.jar
Launcher Type: SUN_STANDARD

[Global flags]
     intx CICompilerCount                          = 2                                         {product} {ergonomic}
     uint ConcGCThreads                            = 1                                         {product} {ergonomic}
     uint G1ConcRefinementThreads                  = 2                                         {product} {ergonomic}
   size_t G1HeapRegionSize                         = 1048576                                   {product} {ergonomic}
    uintx GCDrainStackTargetSize                   = 64                                        {product} {ergonomic}
   size_t InitialHeapSize                          = 67108864                                  {product} {ergonomic}
   size_t MarkStackSize                            = 4194304                                   {product} {ergonomic}
   size_t MaxHeapSize                              = 1050673152                                {product} {ergonomic}
   size_t MaxNewSize                               = 630194176                                 {product} {ergonomic}
   size_t MinHeapDeltaBytes                        = 1048576                                   {product} {ergonomic}
   size_t MinHeapSize                              = 8388608                                   {product} {ergonomic}
    uintx NonNMethodCodeHeapSize                   = 5826188                                {pd product} {ergonomic}
    uintx NonProfiledCodeHeapSize                  = 122916026                              {pd product} {ergonomic}
    uintx ProfiledCodeHeapSize                     = 122916026                              {pd product} {ergonomic}
    uintx ReservedCodeCacheSize                    = 251658240                              {pd product} {ergonomic}
     bool SegmentedCodeCache                       = true                                      {product} {ergonomic}
   size_t SoftMaxHeapSize                          = 1050673152                             {manageable} {ergonomic}
     bool UseCompressedClassPointers               = true                           {product lp64_product} {ergonomic}
     bool UseCompressedOops                        = true                           {product lp64_product} {ergonomic}
     bool UseG1GC                                  = true                                      {product} {ergonomic}
     bool UseLargePagesIndividualAllocation        = false                                  {pd product} {ergonomic}

Logging:
Log output configuration:
 #0: stdout all=warning uptime,level,tags foldmultilines=false
 #1: stderr all=off uptime,level,tags foldmultilines=false

Environment Variables:
JAVA_HOME=C:\Program Files\Java\jdk-18.0.2
PATH=C:\Program Files\Common Files\Oracle\Java\javapath;C:\Program Files (x86)\Common Files\Oracle\Java\javapath;C:\Python310\Scripts\;C:\Python310\;C:\Program Files (x86)\Intel\TXE Components\TCS\;C:\Program Files\Intel\TXE Components\TCS\;C:\WINDOWS\system32;C:\WINDOWS;C:\WINDOWS\System32\Wbem;C:\WINDOWS\System32\WindowsPowerShell\v1.0\;C:\Program Files\Intel\TXE Components\DAL\;C:\Program Files (x86)\Intel\TXE Components\DAL\;C:\Program Files\Intel\TXE Components\IPT\;C:\Program Files (x86)\Intel\TXE Components\IPT\;C:\Program Files (x86)\Common Files\Intel Education\Application Support;C:\Program Files\Common Files\Intel Education\Application Support;C:\Program Files\Intel\WiFi\bin\;C:\Program Files\Common Files\Intel\WirelessCommon\;C:\WINDOWS\System32\OpenSSH\;C:\Program Files\Git\cmd;C:\Program Files\nodejs\;C:\ProgramData\chocolatey\bin;C:\Users\Alumno\AppData\Local\Microsoft\WindowsApps;C:\Program Files\Intel\WiFi\bin\;C:\Program Files\Common Files\Intel\WirelessCommon\;E:\Microsoft VS Code\bin;C:\Users\Alumno\AppData\Roaming\npm;C:\Users\Alumno\AppData\Local\GitHubDesktop\bin
USERNAME=Gastón
OS=Windows_NT
PROCESSOR_IDENTIFIER=Intel64 Family 6 Model 76 Stepping 4, GenuineIntel



---------------  S Y S T E M  ---------------

OS:
 Windows 10 , 64 bit Build 18362 (10.0.18362.1110)
OS uptime: 0 days 2:30 hours

CPU: total 2 (initial active 2) (2 cores per cpu, 1 threads per core) family 6 model 76 stepping 4 microcode 0x410, cx8, cmov, fxsr, mmx, 3dnowpref, sse, sse2, sse3, ssse3, sse4.1, sse4.2, popcnt, tsc, tscinvbit, aes, erms, clmul, clflush

Memory: 4k page, system-wide physical 4000M (225M free)
TotalPageFile size 6824M (AvailPageFile size 0M)
current process WorkingSet (physical memory assigned to process): 99M, peak: 99M
current process commit charge ("private bytes"): 149M, peak: 150M

vm_info: Java HotSpot(TM) 64-Bit Server VM (18.0.2+9-61) for windows-amd64 JRE (18.0.2+9-61), built on Jun  7 2022 13:09:01 by "mach5one" with MS VC++ 16.8 / 16.9 (VS2019)

END.
